[0.061s] DEBUG:colcon:Command line arguments: ['/usr/bin/colcon', 'build']
[0.061s] DEBUG:colcon:Parsed command line arguments: Namespace(log_base=None, log_level=None, verb_name='build', build_base='build', install_base='install', merge_install=False, symlink_install=False, test_result_base=None, continue_on_error=False, executor='parallel', parallel_workers=16, event_handlers=None, ignore_user_meta=False, metas=['./colcon.meta'], base_paths=['.'], packages_ignore=None, packages_ignore_regex=None, paths=None, packages_up_to=None, packages_up_to_regex=None, packages_above=None, packages_above_and_dependencies=None, packages_above_depth=None, packages_select_by_dep=None, packages_skip_by_dep=None, packages_skip_up_to=None, packages_select_build_failed=False, packages_skip_build_finished=False, packages_select_test_failures=False, packages_skip_test_passed=False, packages_select=None, packages_skip=None, packages_select_regex=None, packages_skip_regex=None, packages_start=None, packages_end=None, allow_overriding=[], cmake_args=None, cmake_target=None, cmake_target_skip_unavailable=False, cmake_clean_cache=False, cmake_clean_first=False, cmake_force_configure=False, ament_cmake_args=None, catkin_cmake_args=None, catkin_skip_building_tests=False, verb_parser=<colcon_defaults.argument_parser.defaults.DefaultArgumentsDecorator object at 0x7a31f408a3f0>, verb_extension=<colcon_core.verb.build.BuildVerb object at 0x7a31f61397f0>, main=<bound method BuildVerb.main of <colcon_core.verb.build.BuildVerb object at 0x7a31f61397f0>>)
[0.086s] Level 1:colcon.colcon_core.package_discovery:discover_packages(colcon_meta) check parameters
[0.086s] Level 1:colcon.colcon_core.package_discovery:discover_packages(recursive) check parameters
[0.086s] Level 1:colcon.colcon_core.package_discovery:discover_packages(ignore) check parameters
[0.086s] Level 1:colcon.colcon_core.package_discovery:discover_packages(path) check parameters
[0.086s] Level 1:colcon.colcon_core.package_discovery:discover_packages(colcon_meta) discover
[0.086s] Level 1:colcon.colcon_core.package_discovery:discover_packages(recursive) discover
[0.086s] INFO:colcon.colcon_core.package_discovery:Crawling recursively for packages in '/home/tokerali/ros2_ws'
[0.086s] Level 1:colcon.colcon_core.package_identification:_identify(.) by extensions ['ignore', 'ignore_ament_install']
[0.086s] Level 1:colcon.colcon_core.package_identification:_identify(.) by extension 'ignore'
[0.086s] Level 1:colcon.colcon_core.package_identification:_identify(.) by extension 'ignore_ament_install'
[0.086s] Level 1:colcon.colcon_core.package_identification:_identify(.) by extensions ['colcon_pkg']
[0.086s] Level 1:colcon.colcon_core.package_identification:_identify(.) by extension 'colcon_pkg'
[0.086s] Level 1:colcon.colcon_core.package_identification:_identify(.) by extensions ['colcon_meta']
[0.086s] Level 1:colcon.colcon_core.package_identification:_identify(.) by extension 'colcon_meta'
[0.086s] Level 1:colcon.colcon_core.package_identification:_identify(.) by extensions ['ros']
[0.086s] Level 1:colcon.colcon_core.package_identification:_identify(.) by extension 'ros'
[0.102s] Level 1:colcon.colcon_core.package_identification:_identify(.) by extensions ['cmake', 'python']
[0.102s] Level 1:colcon.colcon_core.package_identification:_identify(.) by extension 'cmake'
[0.102s] Level 1:colcon.colcon_core.package_identification:_identify(.) by extension 'python'
[0.102s] Level 1:colcon.colcon_core.package_identification:_identify(.) by extensions ['python_setup_py']
[0.102s] Level 1:colcon.colcon_core.package_identification:_identify(.) by extension 'python_setup_py'
[0.102s] Level 1:colcon.colcon_core.package_identification:_identify(build) by extensions ['ignore', 'ignore_ament_install']
[0.102s] Level 1:colcon.colcon_core.package_identification:_identify(build) by extension 'ignore'
[0.102s] Level 1:colcon.colcon_core.package_identification:_identify(build) ignored
[0.102s] Level 1:colcon.colcon_core.package_identification:_identify(install) by extensions ['ignore', 'ignore_ament_install']
[0.102s] Level 1:colcon.colcon_core.package_identification:_identify(install) by extension 'ignore'
[0.102s] Level 1:colcon.colcon_core.package_identification:_identify(install) ignored
[0.102s] Level 1:colcon.colcon_core.package_identification:_identify(log) by extensions ['ignore', 'ignore_ament_install']
[0.102s] Level 1:colcon.colcon_core.package_identification:_identify(log) by extension 'ignore'
[0.102s] Level 1:colcon.colcon_core.package_identification:_identify(log) ignored
[0.102s] Level 1:colcon.colcon_core.package_identification:_identify(src) by extensions ['ignore', 'ignore_ament_install']
[0.102s] Level 1:colcon.colcon_core.package_identification:_identify(src) by extension 'ignore'
[0.102s] Level 1:colcon.colcon_core.package_identification:_identify(src) by extension 'ignore_ament_install'
[0.103s] Level 1:colcon.colcon_core.package_identification:_identify(src) by extensions ['colcon_pkg']
[0.103s] Level 1:colcon.colcon_core.package_identification:_identify(src) by extension 'colcon_pkg'
[0.103s] Level 1:colcon.colcon_core.package_identification:_identify(src) by extensions ['colcon_meta']
[0.103s] Level 1:colcon.colcon_core.package_identification:_identify(src) by extension 'colcon_meta'
[0.103s] Level 1:colcon.colcon_core.package_identification:_identify(src) by extensions ['ros']
[0.103s] Level 1:colcon.colcon_core.package_identification:_identify(src) by extension 'ros'
[0.103s] Level 1:colcon.colcon_core.package_identification:_identify(src) by extensions ['cmake', 'python']
[0.103s] Level 1:colcon.colcon_core.package_identification:_identify(src) by extension 'cmake'
[0.103s] Level 1:colcon.colcon_core.package_identification:_identify(src) by extension 'python'
[0.103s] Level 1:colcon.colcon_core.package_identification:_identify(src) by extensions ['python_setup_py']
[0.103s] Level 1:colcon.colcon_core.package_identification:_identify(src) by extension 'python_setup_py'
[0.103s] Level 1:colcon.colcon_core.package_identification:_identify(src/my_cpp_pkg) by extensions ['ignore', 'ignore_ament_install']
[0.103s] Level 1:colcon.colcon_core.package_identification:_identify(src/my_cpp_pkg) by extension 'ignore'
[0.103s] Level 1:colcon.colcon_core.package_identification:_identify(src/my_cpp_pkg) by extension 'ignore_ament_install'
[0.103s] Level 1:colcon.colcon_core.package_identification:_identify(src/my_cpp_pkg) by extensions ['colcon_pkg']
[0.103s] Level 1:colcon.colcon_core.package_identification:_identify(src/my_cpp_pkg) by extension 'colcon_pkg'
[0.103s] Level 1:colcon.colcon_core.package_identification:_identify(src/my_cpp_pkg) by extensions ['colcon_meta']
[0.103s] Level 1:colcon.colcon_core.package_identification:_identify(src/my_cpp_pkg) by extension 'colcon_meta'
[0.103s] Level 1:colcon.colcon_core.package_identification:_identify(src/my_cpp_pkg) by extensions ['ros']
[0.103s] Level 1:colcon.colcon_core.package_identification:_identify(src/my_cpp_pkg) by extension 'ros'
[0.104s] DEBUG:colcon.colcon_core.package_identification:Package 'src/my_cpp_pkg' with type 'ros.ament_cmake' and name 'my_cpp_pkg'
[0.104s] Level 1:colcon.colcon_core.package_identification:_identify(src/my_py_pkg) by extensions ['ignore', 'ignore_ament_install']
[0.105s] Level 1:colcon.colcon_core.package_identification:_identify(src/my_py_pkg) by extension 'ignore'
[0.105s] Level 1:colcon.colcon_core.package_identification:_identify(src/my_py_pkg) by extension 'ignore_ament_install'
[0.105s] Level 1:colcon.colcon_core.package_identification:_identify(src/my_py_pkg) by extensions ['colcon_pkg']
[0.105s] Level 1:colcon.colcon_core.package_identification:_identify(src/my_py_pkg) by extension 'colcon_pkg'
[0.105s] Level 1:colcon.colcon_core.package_identification:_identify(src/my_py_pkg) by extensions ['colcon_meta']
[0.105s] Level 1:colcon.colcon_core.package_identification:_identify(src/my_py_pkg) by extension 'colcon_meta'
[0.105s] Level 1:colcon.colcon_core.package_identification:_identify(src/my_py_pkg) by extensions ['ros']
[0.105s] Level 1:colcon.colcon_core.package_identification:_identify(src/my_py_pkg) by extension 'ros'
[0.105s] DEBUG:colcon.colcon_core.package_identification:Package 'src/my_py_pkg' with type 'ros.ament_python' and name 'my_py_pkg'
[0.105s] Level 1:colcon.colcon_core.package_identification:_identify(src/my_robot_bringup) by extensions ['ignore', 'ignore_ament_install']
[0.105s] Level 1:colcon.colcon_core.package_identification:_identify(src/my_robot_bringup) by extension 'ignore'
[0.105s] Level 1:colcon.colcon_core.package_identification:_identify(src/my_robot_bringup) by extension 'ignore_ament_install'
[0.105s] Level 1:colcon.colcon_core.package_identification:_identify(src/my_robot_bringup) by extensions ['colcon_pkg']
[0.105s] Level 1:colcon.colcon_core.package_identification:_identify(src/my_robot_bringup) by extension 'colcon_pkg'
[0.105s] Level 1:colcon.colcon_core.package_identification:_identify(src/my_robot_bringup) by extensions ['colcon_meta']
[0.105s] Level 1:colcon.colcon_core.package_identification:_identify(src/my_robot_bringup) by extension 'colcon_meta'
[0.105s] Level 1:colcon.colcon_core.package_identification:_identify(src/my_robot_bringup) by extensions ['ros']
[0.105s] Level 1:colcon.colcon_core.package_identification:_identify(src/my_robot_bringup) by extension 'ros'
[0.106s] DEBUG:colcon.colcon_core.package_identification:Package 'src/my_robot_bringup' with type 'ros.ament_cmake' and name 'my_robot_bringup'
[0.106s] Level 1:colcon.colcon_core.package_identification:_identify(src/my_robot_interfaces) by extensions ['ignore', 'ignore_ament_install']
[0.106s] Level 1:colcon.colcon_core.package_identification:_identify(src/my_robot_interfaces) by extension 'ignore'
[0.106s] Level 1:colcon.colcon_core.package_identification:_identify(src/my_robot_interfaces) by extension 'ignore_ament_install'
[0.106s] Level 1:colcon.colcon_core.package_identification:_identify(src/my_robot_interfaces) by extensions ['colcon_pkg']
[0.106s] Level 1:colcon.colcon_core.package_identification:_identify(src/my_robot_interfaces) by extension 'colcon_pkg'
[0.106s] Level 1:colcon.colcon_core.package_identification:_identify(src/my_robot_interfaces) by extensions ['colcon_meta']
[0.106s] Level 1:colcon.colcon_core.package_identification:_identify(src/my_robot_interfaces) by extension 'colcon_meta'
[0.106s] Level 1:colcon.colcon_core.package_identification:_identify(src/my_robot_interfaces) by extensions ['ros']
[0.106s] Level 1:colcon.colcon_core.package_identification:_identify(src/my_robot_interfaces) by extension 'ros'
[0.106s] DEBUG:colcon.colcon_core.package_identification:Package 'src/my_robot_interfaces' with type 'ros.ament_cmake' and name 'my_robot_interfaces'
[0.106s] Level 1:colcon.colcon_core.package_identification:_identify(src/yaml_params) by extensions ['ignore', 'ignore_ament_install']
[0.106s] Level 1:colcon.colcon_core.package_identification:_identify(src/yaml_params) by extension 'ignore'
[0.106s] Level 1:colcon.colcon_core.package_identification:_identify(src/yaml_params) by extension 'ignore_ament_install'
[0.106s] Level 1:colcon.colcon_core.package_identification:_identify(src/yaml_params) by extensions ['colcon_pkg']
[0.106s] Level 1:colcon.colcon_core.package_identification:_identify(src/yaml_params) by extension 'colcon_pkg'
[0.106s] Level 1:colcon.colcon_core.package_identification:_identify(src/yaml_params) by extensions ['colcon_meta']
[0.106s] Level 1:colcon.colcon_core.package_identification:_identify(src/yaml_params) by extension 'colcon_meta'
[0.106s] Level 1:colcon.colcon_core.package_identification:_identify(src/yaml_params) by extensions ['ros']
[0.106s] Level 1:colcon.colcon_core.package_identification:_identify(src/yaml_params) by extension 'ros'
[0.106s] Level 1:colcon.colcon_core.package_identification:_identify(src/yaml_params) by extensions ['cmake', 'python']
[0.106s] Level 1:colcon.colcon_core.package_identification:_identify(src/yaml_params) by extension 'cmake'
[0.106s] Level 1:colcon.colcon_core.package_identification:_identify(src/yaml_params) by extension 'python'
[0.106s] Level 1:colcon.colcon_core.package_identification:_identify(src/yaml_params) by extensions ['python_setup_py']
[0.106s] Level 1:colcon.colcon_core.package_identification:_identify(src/yaml_params) by extension 'python_setup_py'
[0.106s] Level 1:colcon.colcon_core.package_discovery:discover_packages(recursive) using defaults
[0.106s] Level 1:colcon.colcon_core.package_discovery:discover_packages(ignore) discover
[0.106s] Level 1:colcon.colcon_core.package_discovery:discover_packages(ignore) using defaults
[0.106s] Level 1:colcon.colcon_core.package_discovery:discover_packages(path) discover
[0.106s] Level 1:colcon.colcon_core.package_discovery:discover_packages(path) using defaults
[0.117s] Level 1:colcon.colcon_core.package_discovery:discover_packages(prefix_path) check parameters
[0.117s] Level 1:colcon.colcon_core.package_discovery:discover_packages(prefix_path) discover
[0.118s] DEBUG:colcon.colcon_installed_package_information.package_discovery:Found 4 installed packages in /home/tokerali/ros2_ws/install
[0.120s] DEBUG:colcon.colcon_installed_package_information.package_discovery:Found 370 installed packages in /opt/ros/jazzy
[0.121s] Level 1:colcon.colcon_core.package_discovery:discover_packages(prefix_path) using defaults
[0.149s] Level 5:colcon.colcon_core.verb:set package 'my_robot_interfaces' build argument 'cmake_args' from command line to 'None'
[0.149s] Level 5:colcon.colcon_core.verb:set package 'my_robot_interfaces' build argument 'cmake_target' from command line to 'None'
[0.149s] Level 5:colcon.colcon_core.verb:set package 'my_robot_interfaces' build argument 'cmake_target_skip_unavailable' from command line to 'False'
[0.149s] Level 5:colcon.colcon_core.verb:set package 'my_robot_interfaces' build argument 'cmake_clean_cache' from command line to 'False'
[0.149s] Level 5:colcon.colcon_core.verb:set package 'my_robot_interfaces' build argument 'cmake_clean_first' from command line to 'False'
[0.149s] Level 5:colcon.colcon_core.verb:set package 'my_robot_interfaces' build argument 'cmake_force_configure' from command line to 'False'
[0.149s] Level 5:colcon.colcon_core.verb:set package 'my_robot_interfaces' build argument 'ament_cmake_args' from command line to 'None'
[0.149s] Level 5:colcon.colcon_core.verb:set package 'my_robot_interfaces' build argument 'catkin_cmake_args' from command line to 'None'
[0.149s] Level 5:colcon.colcon_core.verb:set package 'my_robot_interfaces' build argument 'catkin_skip_building_tests' from command line to 'False'
[0.149s] DEBUG:colcon.colcon_core.verb:Building package 'my_robot_interfaces' with the following arguments: {'ament_cmake_args': None, 'build_base': '/home/tokerali/ros2_ws/build/my_robot_interfaces', 'catkin_cmake_args': None, 'catkin_skip_building_tests': False, 'cmake_args': None, 'cmake_clean_cache': False, 'cmake_clean_first': False, 'cmake_force_configure': False, 'cmake_target': None, 'cmake_target_skip_unavailable': False, 'install_base': '/home/tokerali/ros2_ws/install/my_robot_interfaces', 'merge_install': False, 'path': '/home/tokerali/ros2_ws/src/my_robot_interfaces', 'symlink_install': False, 'test_result_base': None}
[0.150s] Level 5:colcon.colcon_core.verb:set package 'my_cpp_pkg' build argument 'cmake_args' from command line to 'None'
[0.150s] Level 5:colcon.colcon_core.verb:set package 'my_cpp_pkg' build argument 'cmake_target' from command line to 'None'
[0.150s] Level 5:colcon.colcon_core.verb:set package 'my_cpp_pkg' build argument 'cmake_target_skip_unavailable' from command line to 'False'
[0.150s] Level 5:colcon.colcon_core.verb:set package 'my_cpp_pkg' build argument 'cmake_clean_cache' from command line to 'False'
[0.150s] Level 5:colcon.colcon_core.verb:set package 'my_cpp_pkg' build argument 'cmake_clean_first' from command line to 'False'
[0.150s] Level 5:colcon.colcon_core.verb:set package 'my_cpp_pkg' build argument 'cmake_force_configure' from command line to 'False'
[0.150s] Level 5:colcon.colcon_core.verb:set package 'my_cpp_pkg' build argument 'ament_cmake_args' from command line to 'None'
[0.150s] Level 5:colcon.colcon_core.verb:set package 'my_cpp_pkg' build argument 'catkin_cmake_args' from command line to 'None'
[0.150s] Level 5:colcon.colcon_core.verb:set package 'my_cpp_pkg' build argument 'catkin_skip_building_tests' from command line to 'False'
[0.150s] DEBUG:colcon.colcon_core.verb:Building package 'my_cpp_pkg' with the following arguments: {'ament_cmake_args': None, 'build_base': '/home/tokerali/ros2_ws/build/my_cpp_pkg', 'catkin_cmake_args': None, 'catkin_skip_building_tests': False, 'cmake_args': None, 'cmake_clean_cache': False, 'cmake_clean_first': False, 'cmake_force_configure': False, 'cmake_target': None, 'cmake_target_skip_unavailable': False, 'install_base': '/home/tokerali/ros2_ws/install/my_cpp_pkg', 'merge_install': False, 'path': '/home/tokerali/ros2_ws/src/my_cpp_pkg', 'symlink_install': False, 'test_result_base': None}
[0.150s] Level 5:colcon.colcon_core.verb:set package 'my_py_pkg' build argument 'cmake_args' from command line to 'None'
[0.150s] Level 5:colcon.colcon_core.verb:set package 'my_py_pkg' build argument 'cmake_target' from command line to 'None'
[0.150s] Level 5:colcon.colcon_core.verb:set package 'my_py_pkg' build argument 'cmake_target_skip_unavailable' from command line to 'False'
[0.150s] Level 5:colcon.colcon_core.verb:set package 'my_py_pkg' build argument 'cmake_clean_cache' from command line to 'False'
[0.150s] Level 5:colcon.colcon_core.verb:set package 'my_py_pkg' build argument 'cmake_clean_first' from command line to 'False'
[0.150s] Level 5:colcon.colcon_core.verb:set package 'my_py_pkg' build argument 'cmake_force_configure' from command line to 'False'
[0.150s] Level 5:colcon.colcon_core.verb:set package 'my_py_pkg' build argument 'ament_cmake_args' from command line to 'None'
[0.150s] Level 5:colcon.colcon_core.verb:set package 'my_py_pkg' build argument 'catkin_cmake_args' from command line to 'None'
[0.150s] Level 5:colcon.colcon_core.verb:set package 'my_py_pkg' build argument 'catkin_skip_building_tests' from command line to 'False'
[0.150s] DEBUG:colcon.colcon_core.verb:Building package 'my_py_pkg' with the following arguments: {'ament_cmake_args': None, 'build_base': '/home/tokerali/ros2_ws/build/my_py_pkg', 'catkin_cmake_args': None, 'catkin_skip_building_tests': False, 'cmake_args': None, 'cmake_clean_cache': False, 'cmake_clean_first': False, 'cmake_force_configure': False, 'cmake_target': None, 'cmake_target_skip_unavailable': False, 'install_base': '/home/tokerali/ros2_ws/install/my_py_pkg', 'merge_install': False, 'path': '/home/tokerali/ros2_ws/src/my_py_pkg', 'symlink_install': False, 'test_result_base': None}
[0.150s] Level 5:colcon.colcon_core.verb:set package 'my_robot_bringup' build argument 'cmake_args' from command line to 'None'
[0.150s] Level 5:colcon.colcon_core.verb:set package 'my_robot_bringup' build argument 'cmake_target' from command line to 'None'
[0.150s] Level 5:colcon.colcon_core.verb:set package 'my_robot_bringup' build argument 'cmake_target_skip_unavailable' from command line to 'False'
[0.150s] Level 5:colcon.colcon_core.verb:set package 'my_robot_bringup' build argument 'cmake_clean_cache' from command line to 'False'
[0.150s] Level 5:colcon.colcon_core.verb:set package 'my_robot_bringup' build argument 'cmake_clean_first' from command line to 'False'
[0.150s] Level 5:colcon.colcon_core.verb:set package 'my_robot_bringup' build argument 'cmake_force_configure' from command line to 'False'
[0.150s] Level 5:colcon.colcon_core.verb:set package 'my_robot_bringup' build argument 'ament_cmake_args' from command line to 'None'
[0.150s] Level 5:colcon.colcon_core.verb:set package 'my_robot_bringup' build argument 'catkin_cmake_args' from command line to 'None'
[0.150s] Level 5:colcon.colcon_core.verb:set package 'my_robot_bringup' build argument 'catkin_skip_building_tests' from command line to 'False'
[0.150s] DEBUG:colcon.colcon_core.verb:Building package 'my_robot_bringup' with the following arguments: {'ament_cmake_args': None, 'build_base': '/home/tokerali/ros2_ws/build/my_robot_bringup', 'catkin_cmake_args': None, 'catkin_skip_building_tests': False, 'cmake_args': None, 'cmake_clean_cache': False, 'cmake_clean_first': False, 'cmake_force_configure': False, 'cmake_target': None, 'cmake_target_skip_unavailable': False, 'install_base': '/home/tokerali/ros2_ws/install/my_robot_bringup', 'merge_install': False, 'path': '/home/tokerali/ros2_ws/src/my_robot_bringup', 'symlink_install': False, 'test_result_base': None}
[0.150s] INFO:colcon.colcon_core.executor:Executing jobs using 'parallel' executor
[0.151s] DEBUG:colcon.colcon_parallel_executor.executor.parallel:run_until_complete
[0.151s] INFO:colcon.colcon_ros.task.ament_cmake.build:Building ROS package in '/home/tokerali/ros2_ws/src/my_robot_interfaces' with build type 'ament_cmake'
[0.152s] INFO:colcon.colcon_cmake.task.cmake.build:Building CMake package in '/home/tokerali/ros2_ws/src/my_robot_interfaces'
[0.154s] INFO:colcon.colcon_core.plugin_system:Skipping extension 'colcon_core.shell.bat': Not used on non-Windows systems
[0.154s] INFO:colcon.colcon_core.shell:Skip shell extension 'powershell' for command environment: Not usable outside of PowerShell
[0.154s] DEBUG:colcon.colcon_core.shell:Skip shell extension 'dsv' for command environment
[0.163s] DEBUG:colcon.colcon_core.event_handler.log_command:Invoking command in '/home/tokerali/ros2_ws/build/my_robot_interfaces': CMAKE_PREFIX_PATH=${CMAKE_PREFIX_PATH}:/home/tokerali/ros2_ws/install/my_py_pkg:/opt/ros/jazzy DEBUGINFOD_URLS=https://debuginfod.ubuntu.com /usr/bin/cmake --build /home/tokerali/ros2_ws/build/my_robot_interfaces -- -j16 -l16
[0.436s] DEBUG:colcon.colcon_core.event_handler.log_command:Invoked command in '/home/tokerali/ros2_ws/build/my_robot_interfaces' returned '0': CMAKE_PREFIX_PATH=${CMAKE_PREFIX_PATH}:/home/tokerali/ros2_ws/install/my_py_pkg:/opt/ros/jazzy DEBUGINFOD_URLS=https://debuginfod.ubuntu.com /usr/bin/cmake --build /home/tokerali/ros2_ws/build/my_robot_interfaces -- -j16 -l16
[0.445s] DEBUG:colcon.colcon_core.event_handler.log_command:Invoking command in '/home/tokerali/ros2_ws/build/my_robot_interfaces': CMAKE_PREFIX_PATH=${CMAKE_PREFIX_PATH}:/home/tokerali/ros2_ws/install/my_py_pkg:/opt/ros/jazzy DEBUGINFOD_URLS=https://debuginfod.ubuntu.com /usr/bin/cmake --install /home/tokerali/ros2_ws/build/my_robot_interfaces
[0.492s] Level 1:colcon.colcon_core.environment:create_environment_scripts_only(my_robot_interfaces)
[0.493s] DEBUG:colcon.colcon_core.event_handler.log_command:Invoked command in '/home/tokerali/ros2_ws/build/my_robot_interfaces' returned '0': CMAKE_PREFIX_PATH=${CMAKE_PREFIX_PATH}:/home/tokerali/ros2_ws/install/my_py_pkg:/opt/ros/jazzy DEBUGINFOD_URLS=https://debuginfod.ubuntu.com /usr/bin/cmake --install /home/tokerali/ros2_ws/build/my_robot_interfaces
[0.494s] Level 1:colcon.colcon_core.environment:checking '/home/tokerali/ros2_ws/install/my_robot_interfaces' for CMake module files
[0.494s] Level 1:colcon.colcon_core.environment:checking '/home/tokerali/ros2_ws/install/my_robot_interfaces' for CMake config files
[0.494s] Level 1:colcon.colcon_core.shell:create_environment_hook('my_robot_interfaces', 'cmake_prefix_path')
[0.495s] INFO:colcon.colcon_core.shell:Creating environment hook '/home/tokerali/ros2_ws/install/my_robot_interfaces/share/my_robot_interfaces/hook/cmake_prefix_path.ps1'
[0.495s] INFO:colcon.colcon_core.shell:Creating environment descriptor '/home/tokerali/ros2_ws/install/my_robot_interfaces/share/my_robot_interfaces/hook/cmake_prefix_path.dsv'
[0.495s] INFO:colcon.colcon_core.shell:Creating environment hook '/home/tokerali/ros2_ws/install/my_robot_interfaces/share/my_robot_interfaces/hook/cmake_prefix_path.sh'
[0.496s] Level 1:colcon.colcon_core.environment:checking '/home/tokerali/ros2_ws/install/my_robot_interfaces/lib'
[0.496s] Level 1:colcon.colcon_core.shell:create_environment_hook('my_robot_interfaces', 'ld_library_path_lib')
[0.496s] INFO:colcon.colcon_core.shell:Creating environment hook '/home/tokerali/ros2_ws/install/my_robot_interfaces/share/my_robot_interfaces/hook/ld_library_path_lib.ps1'
[0.496s] INFO:colcon.colcon_core.shell:Creating environment descriptor '/home/tokerali/ros2_ws/install/my_robot_interfaces/share/my_robot_interfaces/hook/ld_library_path_lib.dsv'
[0.496s] INFO:colcon.colcon_core.shell:Creating environment hook '/home/tokerali/ros2_ws/install/my_robot_interfaces/share/my_robot_interfaces/hook/ld_library_path_lib.sh'
[0.497s] Level 1:colcon.colcon_core.environment:checking '/home/tokerali/ros2_ws/install/my_robot_interfaces/bin'
[0.497s] Level 1:colcon.colcon_core.environment:checking '/home/tokerali/ros2_ws/install/my_robot_interfaces/lib/pkgconfig/my_robot_interfaces.pc'
[0.497s] Level 1:colcon.colcon_core.environment:checking '/home/tokerali/ros2_ws/install/my_robot_interfaces/lib/python3.12/site-packages'
[0.497s] Level 1:colcon.colcon_core.shell:create_environment_hook('my_robot_interfaces', 'pythonpath')
[0.497s] INFO:colcon.colcon_core.shell:Creating environment hook '/home/tokerali/ros2_ws/install/my_robot_interfaces/share/my_robot_interfaces/hook/pythonpath.ps1'
[0.497s] INFO:colcon.colcon_core.shell:Creating environment descriptor '/home/tokerali/ros2_ws/install/my_robot_interfaces/share/my_robot_interfaces/hook/pythonpath.dsv'
[0.497s] INFO:colcon.colcon_core.shell:Creating environment hook '/home/tokerali/ros2_ws/install/my_robot_interfaces/share/my_robot_interfaces/hook/pythonpath.sh'
[0.498s] Level 1:colcon.colcon_core.environment:checking '/home/tokerali/ros2_ws/install/my_robot_interfaces/bin'
[0.498s] INFO:colcon.colcon_core.shell:Creating package script '/home/tokerali/ros2_ws/install/my_robot_interfaces/share/my_robot_interfaces/package.ps1'
[0.498s] INFO:colcon.colcon_core.shell:Creating package descriptor '/home/tokerali/ros2_ws/install/my_robot_interfaces/share/my_robot_interfaces/package.dsv'
[0.498s] INFO:colcon.colcon_core.shell:Creating package script '/home/tokerali/ros2_ws/install/my_robot_interfaces/share/my_robot_interfaces/package.sh'
[0.499s] INFO:colcon.colcon_core.shell:Creating package script '/home/tokerali/ros2_ws/install/my_robot_interfaces/share/my_robot_interfaces/package.bash'
[0.499s] INFO:colcon.colcon_core.shell:Creating package script '/home/tokerali/ros2_ws/install/my_robot_interfaces/share/my_robot_interfaces/package.zsh'
[0.499s] Level 1:colcon.colcon_core.environment:create_file_with_runtime_dependencies(/home/tokerali/ros2_ws/install/my_robot_interfaces/share/colcon-core/packages/my_robot_interfaces)
[0.500s] Level 1:colcon.colcon_core.environment:create_environment_scripts_only(my_robot_interfaces)
[0.500s] Level 1:colcon.colcon_core.environment:checking '/home/tokerali/ros2_ws/install/my_robot_interfaces' for CMake module files
[0.500s] Level 1:colcon.colcon_core.environment:checking '/home/tokerali/ros2_ws/install/my_robot_interfaces' for CMake config files
[0.500s] Level 1:colcon.colcon_core.shell:create_environment_hook('my_robot_interfaces', 'cmake_prefix_path')
[0.500s] INFO:colcon.colcon_core.shell:Creating environment hook '/home/tokerali/ros2_ws/install/my_robot_interfaces/share/my_robot_interfaces/hook/cmake_prefix_path.ps1'
[0.501s] INFO:colcon.colcon_core.shell:Creating environment descriptor '/home/tokerali/ros2_ws/install/my_robot_interfaces/share/my_robot_interfaces/hook/cmake_prefix_path.dsv'
[0.501s] INFO:colcon.colcon_core.shell:Creating environment hook '/home/tokerali/ros2_ws/install/my_robot_interfaces/share/my_robot_interfaces/hook/cmake_prefix_path.sh'
[0.501s] Level 1:colcon.colcon_core.environment:checking '/home/tokerali/ros2_ws/install/my_robot_interfaces/lib'
[0.501s] Level 1:colcon.colcon_core.shell:create_environment_hook('my_robot_interfaces', 'ld_library_path_lib')
[0.501s] INFO:colcon.colcon_core.shell:Creating environment hook '/home/tokerali/ros2_ws/install/my_robot_interfaces/share/my_robot_interfaces/hook/ld_library_path_lib.ps1'
[0.502s] INFO:colcon.colcon_core.shell:Creating environment descriptor '/home/tokerali/ros2_ws/install/my_robot_interfaces/share/my_robot_interfaces/hook/ld_library_path_lib.dsv'
[0.502s] INFO:colcon.colcon_core.shell:Creating environment hook '/home/tokerali/ros2_ws/install/my_robot_interfaces/share/my_robot_interfaces/hook/ld_library_path_lib.sh'
[0.502s] Level 1:colcon.colcon_core.environment:checking '/home/tokerali/ros2_ws/install/my_robot_interfaces/bin'
[0.502s] Level 1:colcon.colcon_core.environment:checking '/home/tokerali/ros2_ws/install/my_robot_interfaces/lib/pkgconfig/my_robot_interfaces.pc'
[0.502s] Level 1:colcon.colcon_core.environment:checking '/home/tokerali/ros2_ws/install/my_robot_interfaces/lib/python3.12/site-packages'
[0.502s] Level 1:colcon.colcon_core.shell:create_environment_hook('my_robot_interfaces', 'pythonpath')
[0.502s] INFO:colcon.colcon_core.shell:Creating environment hook '/home/tokerali/ros2_ws/install/my_robot_interfaces/share/my_robot_interfaces/hook/pythonpath.ps1'
[0.503s] INFO:colcon.colcon_core.shell:Creating environment descriptor '/home/tokerali/ros2_ws/install/my_robot_interfaces/share/my_robot_interfaces/hook/pythonpath.dsv'
[0.503s] INFO:colcon.colcon_core.shell:Creating environment hook '/home/tokerali/ros2_ws/install/my_robot_interfaces/share/my_robot_interfaces/hook/pythonpath.sh'
[0.503s] Level 1:colcon.colcon_core.environment:checking '/home/tokerali/ros2_ws/install/my_robot_interfaces/bin'
[0.503s] INFO:colcon.colcon_core.shell:Creating package script '/home/tokerali/ros2_ws/install/my_robot_interfaces/share/my_robot_interfaces/package.ps1'
[0.504s] INFO:colcon.colcon_core.shell:Creating package descriptor '/home/tokerali/ros2_ws/install/my_robot_interfaces/share/my_robot_interfaces/package.dsv'
[0.504s] INFO:colcon.colcon_core.shell:Creating package script '/home/tokerali/ros2_ws/install/my_robot_interfaces/share/my_robot_interfaces/package.sh'
[0.504s] INFO:colcon.colcon_core.shell:Creating package script '/home/tokerali/ros2_ws/install/my_robot_interfaces/share/my_robot_interfaces/package.bash'
[0.504s] INFO:colcon.colcon_core.shell:Creating package script '/home/tokerali/ros2_ws/install/my_robot_interfaces/share/my_robot_interfaces/package.zsh'
[0.505s] Level 1:colcon.colcon_core.environment:create_file_with_runtime_dependencies(/home/tokerali/ros2_ws/install/my_robot_interfaces/share/colcon-core/packages/my_robot_interfaces)
[0.505s] INFO:colcon.colcon_ros.task.ament_cmake.build:Building ROS package in '/home/tokerali/ros2_ws/src/my_cpp_pkg' with build type 'ament_cmake'
[0.505s] INFO:colcon.colcon_cmake.task.cmake.build:Building CMake package in '/home/tokerali/ros2_ws/src/my_cpp_pkg'
[0.505s] INFO:colcon.colcon_core.shell:Skip shell extension 'powershell' for command environment: Not usable outside of PowerShell
[0.505s] DEBUG:colcon.colcon_core.shell:Skip shell extension 'dsv' for command environment
[0.510s] INFO:colcon.colcon_ros.task.ament_python.build:Building ROS package in '/home/tokerali/ros2_ws/src/my_py_pkg' with build type 'ament_python'
[0.510s] Level 1:colcon.colcon_core.shell:create_environment_hook('my_py_pkg', 'ament_prefix_path')
[0.511s] INFO:colcon.colcon_core.shell:Creating environment hook '/home/tokerali/ros2_ws/install/my_py_pkg/share/my_py_pkg/hook/ament_prefix_path.ps1'
[0.511s] INFO:colcon.colcon_core.shell:Creating environment descriptor '/home/tokerali/ros2_ws/install/my_py_pkg/share/my_py_pkg/hook/ament_prefix_path.dsv'
[0.511s] INFO:colcon.colcon_core.shell:Creating environment hook '/home/tokerali/ros2_ws/install/my_py_pkg/share/my_py_pkg/hook/ament_prefix_path.sh'
[0.512s] INFO:colcon.colcon_core.shell:Skip shell extension 'powershell' for command environment: Not usable outside of PowerShell
[0.512s] DEBUG:colcon.colcon_core.shell:Skip shell extension 'dsv' for command environment
[0.517s] DEBUG:colcon.colcon_core.event_handler.log_command:Invoking command in '/home/tokerali/ros2_ws/build/my_cpp_pkg': CMAKE_PREFIX_PATH=/home/tokerali/ros2_ws/install/my_robot_interfaces:/home/tokerali/ros2_ws/install/my_robot_bringup:/home/tokerali/ros2_ws/install/my_cpp_pkg:/opt/ros/jazzy/opt/gz_sim_vendor:/opt/ros/jazzy/opt/gz_sensors_vendor:/opt/ros/jazzy/opt/gz_physics_vendor:/opt/ros/jazzy/opt/sdformat_vendor:/opt/ros/jazzy/opt/gz_gui_vendor:/opt/ros/jazzy/opt/gz_transport_vendor:/opt/ros/jazzy/opt/gz_rendering_vendor:/opt/ros/jazzy/opt/gz_plugin_vendor:/opt/ros/jazzy/opt/gz_fuel_tools_vendor:/opt/ros/jazzy/opt/gz_msgs_vendor:/opt/ros/jazzy/opt/gz_common_vendor:/opt/ros/jazzy/opt/gz_math_vendor:/opt/ros/jazzy/opt/gz_utils_vendor:/opt/ros/jazzy/opt/gz_tools_vendor:/opt/ros/jazzy/opt/gz_ogre_next_vendor:/opt/ros/jazzy/opt/gz_dartsim_vendor:/opt/ros/jazzy/opt/gz_cmake_vendor:/home/tokerali/ros2_ws/install/my_py_pkg:/opt/ros/jazzy DEBUGINFOD_URLS=https://debuginfod.ubuntu.com PYTHONPATH=/home/tokerali/ros2_ws/install/my_robot_interfaces/lib/python3.12/site-packages:/home/tokerali/ros2_ws/install/my_py_pkg/lib/python3.12/site-packages:/opt/ros/jazzy/lib/python3.12/site-packages /usr/bin/cmake --build /home/tokerali/ros2_ws/build/my_cpp_pkg -- -j16 -l16
[0.672s] INFO:colcon.colcon_core.task.python.build:Building Python package in '/home/tokerali/ros2_ws/src/my_py_pkg'
[0.672s] INFO:colcon.colcon_core.shell:Skip shell extension 'powershell' for command environment: Not usable outside of PowerShell
[0.672s] DEBUG:colcon.colcon_core.shell:Skip shell extension 'dsv' for command environment
[0.676s] DEBUG:colcon.colcon_core.event_handler.log_command:Invoked command in '/home/tokerali/ros2_ws/build/my_cpp_pkg' returned '0': CMAKE_PREFIX_PATH=/home/tokerali/ros2_ws/install/my_robot_interfaces:/home/tokerali/ros2_ws/install/my_robot_bringup:/home/tokerali/ros2_ws/install/my_cpp_pkg:/opt/ros/jazzy/opt/gz_sim_vendor:/opt/ros/jazzy/opt/gz_sensors_vendor:/opt/ros/jazzy/opt/gz_physics_vendor:/opt/ros/jazzy/opt/sdformat_vendor:/opt/ros/jazzy/opt/gz_gui_vendor:/opt/ros/jazzy/opt/gz_transport_vendor:/opt/ros/jazzy/opt/gz_rendering_vendor:/opt/ros/jazzy/opt/gz_plugin_vendor:/opt/ros/jazzy/opt/gz_fuel_tools_vendor:/opt/ros/jazzy/opt/gz_msgs_vendor:/opt/ros/jazzy/opt/gz_common_vendor:/opt/ros/jazzy/opt/gz_math_vendor:/opt/ros/jazzy/opt/gz_utils_vendor:/opt/ros/jazzy/opt/gz_tools_vendor:/opt/ros/jazzy/opt/gz_ogre_next_vendor:/opt/ros/jazzy/opt/gz_dartsim_vendor:/opt/ros/jazzy/opt/gz_cmake_vendor:/home/tokerali/ros2_ws/install/my_py_pkg:/opt/ros/jazzy DEBUGINFOD_URLS=https://debuginfod.ubuntu.com PYTHONPATH=/home/tokerali/ros2_ws/install/my_robot_interfaces/lib/python3.12/site-packages:/home/tokerali/ros2_ws/install/my_py_pkg/lib/python3.12/site-packages:/opt/ros/jazzy/lib/python3.12/site-packages /usr/bin/cmake --build /home/tokerali/ros2_ws/build/my_cpp_pkg -- -j16 -l16
[0.676s] DEBUG:colcon.colcon_core.event_handler.log_command:Invoking command in '/home/tokerali/ros2_ws/build/my_cpp_pkg': CMAKE_PREFIX_PATH=/home/tokerali/ros2_ws/install/my_robot_interfaces:/home/tokerali/ros2_ws/install/my_robot_bringup:/home/tokerali/ros2_ws/install/my_cpp_pkg:/opt/ros/jazzy/opt/gz_sim_vendor:/opt/ros/jazzy/opt/gz_sensors_vendor:/opt/ros/jazzy/opt/gz_physics_vendor:/opt/ros/jazzy/opt/sdformat_vendor:/opt/ros/jazzy/opt/gz_gui_vendor:/opt/ros/jazzy/opt/gz_transport_vendor:/opt/ros/jazzy/opt/gz_rendering_vendor:/opt/ros/jazzy/opt/gz_plugin_vendor:/opt/ros/jazzy/opt/gz_fuel_tools_vendor:/opt/ros/jazzy/opt/gz_msgs_vendor:/opt/ros/jazzy/opt/gz_common_vendor:/opt/ros/jazzy/opt/gz_math_vendor:/opt/ros/jazzy/opt/gz_utils_vendor:/opt/ros/jazzy/opt/gz_tools_vendor:/opt/ros/jazzy/opt/gz_ogre_next_vendor:/opt/ros/jazzy/opt/gz_dartsim_vendor:/opt/ros/jazzy/opt/gz_cmake_vendor:/home/tokerali/ros2_ws/install/my_py_pkg:/opt/ros/jazzy DEBUGINFOD_URLS=https://debuginfod.ubuntu.com PYTHONPATH=/home/tokerali/ros2_ws/install/my_robot_interfaces/lib/python3.12/site-packages:/home/tokerali/ros2_ws/install/my_py_pkg/lib/python3.12/site-packages:/opt/ros/jazzy/lib/python3.12/site-packages /usr/bin/cmake --install /home/tokerali/ros2_ws/build/my_cpp_pkg
[0.688s] Level 1:colcon.colcon_core.environment:create_environment_scripts_only(my_cpp_pkg)
[0.688s] Level 1:colcon.colcon_core.environment:checking '/home/tokerali/ros2_ws/install/my_cpp_pkg' for CMake module files
[0.688s] DEBUG:colcon.colcon_core.event_handler.log_command:Invoked command in '/home/tokerali/ros2_ws/build/my_cpp_pkg' returned '0': CMAKE_PREFIX_PATH=/home/tokerali/ros2_ws/install/my_robot_interfaces:/home/tokerali/ros2_ws/install/my_robot_bringup:/home/tokerali/ros2_ws/install/my_cpp_pkg:/opt/ros/jazzy/opt/gz_sim_vendor:/opt/ros/jazzy/opt/gz_sensors_vendor:/opt/ros/jazzy/opt/gz_physics_vendor:/opt/ros/jazzy/opt/sdformat_vendor:/opt/ros/jazzy/opt/gz_gui_vendor:/opt/ros/jazzy/opt/gz_transport_vendor:/opt/ros/jazzy/opt/gz_rendering_vendor:/opt/ros/jazzy/opt/gz_plugin_vendor:/opt/ros/jazzy/opt/gz_fuel_tools_vendor:/opt/ros/jazzy/opt/gz_msgs_vendor:/opt/ros/jazzy/opt/gz_common_vendor:/opt/ros/jazzy/opt/gz_math_vendor:/opt/ros/jazzy/opt/gz_utils_vendor:/opt/ros/jazzy/opt/gz_tools_vendor:/opt/ros/jazzy/opt/gz_ogre_next_vendor:/opt/ros/jazzy/opt/gz_dartsim_vendor:/opt/ros/jazzy/opt/gz_cmake_vendor:/home/tokerali/ros2_ws/install/my_py_pkg:/opt/ros/jazzy DEBUGINFOD_URLS=https://debuginfod.ubuntu.com PYTHONPATH=/home/tokerali/ros2_ws/install/my_robot_interfaces/lib/python3.12/site-packages:/home/tokerali/ros2_ws/install/my_py_pkg/lib/python3.12/site-packages:/opt/ros/jazzy/lib/python3.12/site-packages /usr/bin/cmake --install /home/tokerali/ros2_ws/build/my_cpp_pkg
[0.688s] Level 1:colcon.colcon_core.environment:checking '/home/tokerali/ros2_ws/install/my_cpp_pkg' for CMake config files
[0.688s] Level 1:colcon.colcon_core.shell:create_environment_hook('my_cpp_pkg', 'cmake_prefix_path')
[0.688s] INFO:colcon.colcon_core.shell:Creating environment hook '/home/tokerali/ros2_ws/install/my_cpp_pkg/share/my_cpp_pkg/hook/cmake_prefix_path.ps1'
[0.689s] INFO:colcon.colcon_core.shell:Creating environment descriptor '/home/tokerali/ros2_ws/install/my_cpp_pkg/share/my_cpp_pkg/hook/cmake_prefix_path.dsv'
[0.689s] INFO:colcon.colcon_core.shell:Creating environment hook '/home/tokerali/ros2_ws/install/my_cpp_pkg/share/my_cpp_pkg/hook/cmake_prefix_path.sh'
[0.690s] Level 1:colcon.colcon_core.environment:checking '/home/tokerali/ros2_ws/install/my_cpp_pkg/lib'
[0.690s] Level 1:colcon.colcon_core.environment:checking '/home/tokerali/ros2_ws/install/my_cpp_pkg/bin'
[0.690s] Level 1:colcon.colcon_core.environment:checking '/home/tokerali/ros2_ws/install/my_cpp_pkg/lib/pkgconfig/my_cpp_pkg.pc'
[0.690s] Level 1:colcon.colcon_core.environment:checking '/home/tokerali/ros2_ws/install/my_cpp_pkg/lib/python3.12/site-packages'
[0.690s] Level 1:colcon.colcon_core.environment:checking '/home/tokerali/ros2_ws/install/my_cpp_pkg/bin'
[0.690s] INFO:colcon.colcon_core.shell:Creating package script '/home/tokerali/ros2_ws/install/my_cpp_pkg/share/my_cpp_pkg/package.ps1'
[0.690s] INFO:colcon.colcon_core.shell:Creating package descriptor '/home/tokerali/ros2_ws/install/my_cpp_pkg/share/my_cpp_pkg/package.dsv'
[0.691s] INFO:colcon.colcon_core.shell:Creating package script '/home/tokerali/ros2_ws/install/my_cpp_pkg/share/my_cpp_pkg/package.sh'
[0.691s] INFO:colcon.colcon_core.shell:Creating package script '/home/tokerali/ros2_ws/install/my_cpp_pkg/share/my_cpp_pkg/package.bash'
[0.691s] INFO:colcon.colcon_core.shell:Creating package script '/home/tokerali/ros2_ws/install/my_cpp_pkg/share/my_cpp_pkg/package.zsh'
[0.691s] Level 1:colcon.colcon_core.environment:create_file_with_runtime_dependencies(/home/tokerali/ros2_ws/install/my_cpp_pkg/share/colcon-core/packages/my_cpp_pkg)
[0.692s] Level 1:colcon.colcon_core.environment:create_environment_scripts_only(my_cpp_pkg)
[0.692s] Level 1:colcon.colcon_core.environment:checking '/home/tokerali/ros2_ws/install/my_cpp_pkg' for CMake module files
[0.692s] Level 1:colcon.colcon_core.environment:checking '/home/tokerali/ros2_ws/install/my_cpp_pkg' for CMake config files
[0.692s] Level 1:colcon.colcon_core.shell:create_environment_hook('my_cpp_pkg', 'cmake_prefix_path')
[0.692s] INFO:colcon.colcon_core.shell:Creating environment hook '/home/tokerali/ros2_ws/install/my_cpp_pkg/share/my_cpp_pkg/hook/cmake_prefix_path.ps1'
[0.692s] INFO:colcon.colcon_core.shell:Creating environment descriptor '/home/tokerali/ros2_ws/install/my_cpp_pkg/share/my_cpp_pkg/hook/cmake_prefix_path.dsv'
[0.693s] INFO:colcon.colcon_core.shell:Creating environment hook '/home/tokerali/ros2_ws/install/my_cpp_pkg/share/my_cpp_pkg/hook/cmake_prefix_path.sh'
[0.693s] Level 1:colcon.colcon_core.environment:checking '/home/tokerali/ros2_ws/install/my_cpp_pkg/lib'
[0.693s] Level 1:colcon.colcon_core.environment:checking '/home/tokerali/ros2_ws/install/my_cpp_pkg/bin'
[0.693s] Level 1:colcon.colcon_core.environment:checking '/home/tokerali/ros2_ws/install/my_cpp_pkg/lib/pkgconfig/my_cpp_pkg.pc'
[0.693s] Level 1:colcon.colcon_core.environment:checking '/home/tokerali/ros2_ws/install/my_cpp_pkg/lib/python3.12/site-packages'
[0.693s] Level 1:colcon.colcon_core.environment:checking '/home/tokerali/ros2_ws/install/my_cpp_pkg/bin'
[0.693s] INFO:colcon.colcon_core.shell:Creating package script '/home/tokerali/ros2_ws/install/my_cpp_pkg/share/my_cpp_pkg/package.ps1'
[0.694s] INFO:colcon.colcon_core.shell:Creating package descriptor '/home/tokerali/ros2_ws/install/my_cpp_pkg/share/my_cpp_pkg/package.dsv'
[0.694s] INFO:colcon.colcon_core.shell:Creating package script '/home/tokerali/ros2_ws/install/my_cpp_pkg/share/my_cpp_pkg/package.sh'
[0.694s] INFO:colcon.colcon_core.shell:Creating package script '/home/tokerali/ros2_ws/install/my_cpp_pkg/share/my_cpp_pkg/package.bash'
[0.694s] INFO:colcon.colcon_core.shell:Creating package script '/home/tokerali/ros2_ws/install/my_cpp_pkg/share/my_cpp_pkg/package.zsh'
[0.695s] Level 1:colcon.colcon_core.environment:create_file_with_runtime_dependencies(/home/tokerali/ros2_ws/install/my_cpp_pkg/share/colcon-core/packages/my_cpp_pkg)
[1.029s] DEBUG:colcon.colcon_core.event_handler.log_command:Invoking command in '/home/tokerali/ros2_ws/src/my_py_pkg': CMAKE_PREFIX_PATH=/home/tokerali/ros2_ws/install/my_robot_interfaces:/home/tokerali/ros2_ws/install/my_robot_bringup:/home/tokerali/ros2_ws/install/my_cpp_pkg:/opt/ros/jazzy/opt/gz_sim_vendor:/opt/ros/jazzy/opt/gz_sensors_vendor:/opt/ros/jazzy/opt/gz_physics_vendor:/opt/ros/jazzy/opt/sdformat_vendor:/opt/ros/jazzy/opt/gz_gui_vendor:/opt/ros/jazzy/opt/gz_transport_vendor:/opt/ros/jazzy/opt/gz_rendering_vendor:/opt/ros/jazzy/opt/gz_plugin_vendor:/opt/ros/jazzy/opt/gz_fuel_tools_vendor:/opt/ros/jazzy/opt/gz_msgs_vendor:/opt/ros/jazzy/opt/gz_common_vendor:/opt/ros/jazzy/opt/gz_math_vendor:/opt/ros/jazzy/opt/gz_utils_vendor:/opt/ros/jazzy/opt/gz_tools_vendor:/opt/ros/jazzy/opt/gz_ogre_next_vendor:/opt/ros/jazzy/opt/gz_dartsim_vendor:/opt/ros/jazzy/opt/gz_cmake_vendor DEBUGINFOD_URLS=https://debuginfod.ubuntu.com PYTHONPATH=/home/tokerali/ros2_ws/build/my_py_pkg/prefix_override:/usr/lib/python3/dist-packages/colcon_core/task/python/colcon_distutils_commands:/home/tokerali/ros2_ws/install/my_py_pkg/lib/python3.12/site-packages:/home/tokerali/ros2_ws/install/my_robot_interfaces/lib/python3.12/site-packages:/home/tokerali/ros2_ws/install/my_py_pkg/lib/python3.12/site-packages:/opt/ros/jazzy/lib/python3.12/site-packages /usr/bin/python3 -W ignore:setup.py install is deprecated -W ignore:easy_install command is deprecated setup.py egg_info --egg-base ../../build/my_py_pkg build --build-base /home/tokerali/ros2_ws/build/my_py_pkg/build install --record /home/tokerali/ros2_ws/build/my_py_pkg/install.log --single-version-externally-managed install_data
[1.342s] Level 1:colcon.colcon_core.environment:checking '/home/tokerali/ros2_ws/install/my_py_pkg' for CMake module files
[1.342s] DEBUG:colcon.colcon_core.event_handler.log_command:Invoked command in '/home/tokerali/ros2_ws/src/my_py_pkg' returned '0': CMAKE_PREFIX_PATH=/home/tokerali/ros2_ws/install/my_robot_interfaces:/home/tokerali/ros2_ws/install/my_robot_bringup:/home/tokerali/ros2_ws/install/my_cpp_pkg:/opt/ros/jazzy/opt/gz_sim_vendor:/opt/ros/jazzy/opt/gz_sensors_vendor:/opt/ros/jazzy/opt/gz_physics_vendor:/opt/ros/jazzy/opt/sdformat_vendor:/opt/ros/jazzy/opt/gz_gui_vendor:/opt/ros/jazzy/opt/gz_transport_vendor:/opt/ros/jazzy/opt/gz_rendering_vendor:/opt/ros/jazzy/opt/gz_plugin_vendor:/opt/ros/jazzy/opt/gz_fuel_tools_vendor:/opt/ros/jazzy/opt/gz_msgs_vendor:/opt/ros/jazzy/opt/gz_common_vendor:/opt/ros/jazzy/opt/gz_math_vendor:/opt/ros/jazzy/opt/gz_utils_vendor:/opt/ros/jazzy/opt/gz_tools_vendor:/opt/ros/jazzy/opt/gz_ogre_next_vendor:/opt/ros/jazzy/opt/gz_dartsim_vendor:/opt/ros/jazzy/opt/gz_cmake_vendor DEBUGINFOD_URLS=https://debuginfod.ubuntu.com PYTHONPATH=/home/tokerali/ros2_ws/build/my_py_pkg/prefix_override:/usr/lib/python3/dist-packages/colcon_core/task/python/colcon_distutils_commands:/home/tokerali/ros2_ws/install/my_py_pkg/lib/python3.12/site-packages:/home/tokerali/ros2_ws/install/my_robot_interfaces/lib/python3.12/site-packages:/home/tokerali/ros2_ws/install/my_py_pkg/lib/python3.12/site-packages:/opt/ros/jazzy/lib/python3.12/site-packages /usr/bin/python3 -W ignore:setup.py install is deprecated -W ignore:easy_install command is deprecated setup.py egg_info --egg-base ../../build/my_py_pkg build --build-base /home/tokerali/ros2_ws/build/my_py_pkg/build install --record /home/tokerali/ros2_ws/build/my_py_pkg/install.log --single-version-externally-managed install_data
[1.343s] Level 1:colcon.colcon_core.environment:checking '/home/tokerali/ros2_ws/install/my_py_pkg' for CMake config files
[1.343s] Level 1:colcon.colcon_core.environment:checking '/home/tokerali/ros2_ws/install/my_py_pkg/lib'
[1.343s] Level 1:colcon.colcon_core.environment:checking '/home/tokerali/ros2_ws/install/my_py_pkg/bin'
[1.343s] Level 1:colcon.colcon_core.environment:checking '/home/tokerali/ros2_ws/install/my_py_pkg/lib/pkgconfig/my_py_pkg.pc'
[1.343s] Level 1:colcon.colcon_core.environment:checking '/home/tokerali/ros2_ws/install/my_py_pkg/lib/python3.12/site-packages'
[1.343s] Level 1:colcon.colcon_core.shell:create_environment_hook('my_py_pkg', 'pythonpath')
[1.343s] INFO:colcon.colcon_core.shell:Creating environment hook '/home/tokerali/ros2_ws/install/my_py_pkg/share/my_py_pkg/hook/pythonpath.ps1'
[1.344s] INFO:colcon.colcon_core.shell:Creating environment descriptor '/home/tokerali/ros2_ws/install/my_py_pkg/share/my_py_pkg/hook/pythonpath.dsv'
[1.344s] INFO:colcon.colcon_core.shell:Creating environment hook '/home/tokerali/ros2_ws/install/my_py_pkg/share/my_py_pkg/hook/pythonpath.sh'
[1.344s] Level 1:colcon.colcon_core.environment:checking '/home/tokerali/ros2_ws/install/my_py_pkg/bin'
[1.344s] Level 1:colcon.colcon_core.environment:create_environment_scripts_only(my_py_pkg)
[1.344s] INFO:colcon.colcon_core.shell:Creating package script '/home/tokerali/ros2_ws/install/my_py_pkg/share/my_py_pkg/package.ps1'
[1.345s] INFO:colcon.colcon_core.shell:Creating package descriptor '/home/tokerali/ros2_ws/install/my_py_pkg/share/my_py_pkg/package.dsv'
[1.345s] INFO:colcon.colcon_core.shell:Creating package script '/home/tokerali/ros2_ws/install/my_py_pkg/share/my_py_pkg/package.sh'
[1.345s] INFO:colcon.colcon_core.shell:Creating package script '/home/tokerali/ros2_ws/install/my_py_pkg/share/my_py_pkg/package.bash'
[1.345s] INFO:colcon.colcon_core.shell:Creating package script '/home/tokerali/ros2_ws/install/my_py_pkg/share/my_py_pkg/package.zsh'
[1.346s] Level 1:colcon.colcon_core.environment:create_file_with_runtime_dependencies(/home/tokerali/ros2_ws/install/my_py_pkg/share/colcon-core/packages/my_py_pkg)
[1.346s] INFO:colcon.colcon_ros.task.ament_cmake.build:Building ROS package in '/home/tokerali/ros2_ws/src/my_robot_bringup' with build type 'ament_cmake'
[1.346s] INFO:colcon.colcon_cmake.task.cmake.build:Building CMake package in '/home/tokerali/ros2_ws/src/my_robot_bringup'
[1.346s] INFO:colcon.colcon_core.shell:Skip shell extension 'powershell' for command environment: Not usable outside of PowerShell
[1.346s] DEBUG:colcon.colcon_core.shell:Skip shell extension 'dsv' for command environment
[1.359s] DEBUG:colcon.colcon_core.event_handler.log_command:Invoking command in '/home/tokerali/ros2_ws/build/my_robot_bringup': AMENT_PREFIX_PATH=/home/tokerali/ros2_ws/install/my_py_pkg:/home/tokerali/ros2_ws/install/my_robot_bringup:/home/tokerali/ros2_ws/install/my_cpp_pkg:/home/tokerali/ros2_ws/install/my_robot_interfaces:/opt/ros/jazzy CMAKE_PREFIX_PATH=/home/tokerali/ros2_ws/install/my_cpp_pkg:/home/tokerali/ros2_ws/install/my_robot_interfaces:/home/tokerali/ros2_ws/install/my_robot_bringup:/opt/ros/jazzy/opt/gz_sim_vendor:/opt/ros/jazzy/opt/gz_sensors_vendor:/opt/ros/jazzy/opt/gz_physics_vendor:/opt/ros/jazzy/opt/sdformat_vendor:/opt/ros/jazzy/opt/gz_gui_vendor:/opt/ros/jazzy/opt/gz_transport_vendor:/opt/ros/jazzy/opt/gz_rendering_vendor:/opt/ros/jazzy/opt/gz_plugin_vendor:/opt/ros/jazzy/opt/gz_fuel_tools_vendor:/opt/ros/jazzy/opt/gz_msgs_vendor:/opt/ros/jazzy/opt/gz_common_vendor:/opt/ros/jazzy/opt/gz_math_vendor:/opt/ros/jazzy/opt/gz_utils_vendor:/opt/ros/jazzy/opt/gz_tools_vendor:/opt/ros/jazzy/opt/gz_ogre_next_vendor:/opt/ros/jazzy/opt/gz_dartsim_vendor:/opt/ros/jazzy/opt/gz_cmake_vendor:/home/tokerali/ros2_ws/install/my_py_pkg:/opt/ros/jazzy DEBUGINFOD_URLS=https://debuginfod.ubuntu.com /usr/bin/cmake --build /home/tokerali/ros2_ws/build/my_robot_bringup -- -j16 -l16
[1.400s] DEBUG:colcon.colcon_core.event_handler.log_command:Invoked command in '/home/tokerali/ros2_ws/build/my_robot_bringup' returned '0': AMENT_PREFIX_PATH=/home/tokerali/ros2_ws/install/my_py_pkg:/home/tokerali/ros2_ws/install/my_robot_bringup:/home/tokerali/ros2_ws/install/my_cpp_pkg:/home/tokerali/ros2_ws/install/my_robot_interfaces:/opt/ros/jazzy CMAKE_PREFIX_PATH=/home/tokerali/ros2_ws/install/my_cpp_pkg:/home/tokerali/ros2_ws/install/my_robot_interfaces:/home/tokerali/ros2_ws/install/my_robot_bringup:/opt/ros/jazzy/opt/gz_sim_vendor:/opt/ros/jazzy/opt/gz_sensors_vendor:/opt/ros/jazzy/opt/gz_physics_vendor:/opt/ros/jazzy/opt/sdformat_vendor:/opt/ros/jazzy/opt/gz_gui_vendor:/opt/ros/jazzy/opt/gz_transport_vendor:/opt/ros/jazzy/opt/gz_rendering_vendor:/opt/ros/jazzy/opt/gz_plugin_vendor:/opt/ros/jazzy/opt/gz_fuel_tools_vendor:/opt/ros/jazzy/opt/gz_msgs_vendor:/opt/ros/jazzy/opt/gz_common_vendor:/opt/ros/jazzy/opt/gz_math_vendor:/opt/ros/jazzy/opt/gz_utils_vendor:/opt/ros/jazzy/opt/gz_tools_vendor:/opt/ros/jazzy/opt/gz_ogre_next_vendor:/opt/ros/jazzy/opt/gz_dartsim_vendor:/opt/ros/jazzy/opt/gz_cmake_vendor:/home/tokerali/ros2_ws/install/my_py_pkg:/opt/ros/jazzy DEBUGINFOD_URLS=https://debuginfod.ubuntu.com /usr/bin/cmake --build /home/tokerali/ros2_ws/build/my_robot_bringup -- -j16 -l16
[1.401s] DEBUG:colcon.colcon_core.event_handler.log_command:Invoking command in '/home/tokerali/ros2_ws/build/my_robot_bringup': AMENT_PREFIX_PATH=/home/tokerali/ros2_ws/install/my_py_pkg:/home/tokerali/ros2_ws/install/my_robot_bringup:/home/tokerali/ros2_ws/install/my_cpp_pkg:/home/tokerali/ros2_ws/install/my_robot_interfaces:/opt/ros/jazzy CMAKE_PREFIX_PATH=/home/tokerali/ros2_ws/install/my_cpp_pkg:/home/tokerali/ros2_ws/install/my_robot_interfaces:/home/tokerali/ros2_ws/install/my_robot_bringup:/opt/ros/jazzy/opt/gz_sim_vendor:/opt/ros/jazzy/opt/gz_sensors_vendor:/opt/ros/jazzy/opt/gz_physics_vendor:/opt/ros/jazzy/opt/sdformat_vendor:/opt/ros/jazzy/opt/gz_gui_vendor:/opt/ros/jazzy/opt/gz_transport_vendor:/opt/ros/jazzy/opt/gz_rendering_vendor:/opt/ros/jazzy/opt/gz_plugin_vendor:/opt/ros/jazzy/opt/gz_fuel_tools_vendor:/opt/ros/jazzy/opt/gz_msgs_vendor:/opt/ros/jazzy/opt/gz_common_vendor:/opt/ros/jazzy/opt/gz_math_vendor:/opt/ros/jazzy/opt/gz_utils_vendor:/opt/ros/jazzy/opt/gz_tools_vendor:/opt/ros/jazzy/opt/gz_ogre_next_vendor:/opt/ros/jazzy/opt/gz_dartsim_vendor:/opt/ros/jazzy/opt/gz_cmake_vendor:/home/tokerali/ros2_ws/install/my_py_pkg:/opt/ros/jazzy DEBUGINFOD_URLS=https://debuginfod.ubuntu.com /usr/bin/cmake --install /home/tokerali/ros2_ws/build/my_robot_bringup
[1.412s] Level 1:colcon.colcon_core.environment:create_environment_scripts_only(my_robot_bringup)
[1.412s] Level 1:colcon.colcon_core.environment:checking '/home/tokerali/ros2_ws/install/my_robot_bringup' for CMake module files
[1.412s] DEBUG:colcon.colcon_core.event_handler.log_command:Invoked command in '/home/tokerali/ros2_ws/build/my_robot_bringup' returned '0': AMENT_PREFIX_PATH=/home/tokerali/ros2_ws/install/my_py_pkg:/home/tokerali/ros2_ws/install/my_robot_bringup:/home/tokerali/ros2_ws/install/my_cpp_pkg:/home/tokerali/ros2_ws/install/my_robot_interfaces:/opt/ros/jazzy CMAKE_PREFIX_PATH=/home/tokerali/ros2_ws/install/my_cpp_pkg:/home/tokerali/ros2_ws/install/my_robot_interfaces:/home/tokerali/ros2_ws/install/my_robot_bringup:/opt/ros/jazzy/opt/gz_sim_vendor:/opt/ros/jazzy/opt/gz_sensors_vendor:/opt/ros/jazzy/opt/gz_physics_vendor:/opt/ros/jazzy/opt/sdformat_vendor:/opt/ros/jazzy/opt/gz_gui_vendor:/opt/ros/jazzy/opt/gz_transport_vendor:/opt/ros/jazzy/opt/gz_rendering_vendor:/opt/ros/jazzy/opt/gz_plugin_vendor:/opt/ros/jazzy/opt/gz_fuel_tools_vendor:/opt/ros/jazzy/opt/gz_msgs_vendor:/opt/ros/jazzy/opt/gz_common_vendor:/opt/ros/jazzy/opt/gz_math_vendor:/opt/ros/jazzy/opt/gz_utils_vendor:/opt/ros/jazzy/opt/gz_tools_vendor:/opt/ros/jazzy/opt/gz_ogre_next_vendor:/opt/ros/jazzy/opt/gz_dartsim_vendor:/opt/ros/jazzy/opt/gz_cmake_vendor:/home/tokerali/ros2_ws/install/my_py_pkg:/opt/ros/jazzy DEBUGINFOD_URLS=https://debuginfod.ubuntu.com /usr/bin/cmake --install /home/tokerali/ros2_ws/build/my_robot_bringup
[1.413s] Level 1:colcon.colcon_core.environment:checking '/home/tokerali/ros2_ws/install/my_robot_bringup' for CMake config files
[1.413s] Level 1:colcon.colcon_core.shell:create_environment_hook('my_robot_bringup', 'cmake_prefix_path')
[1.413s] INFO:colcon.colcon_core.shell:Creating environment hook '/home/tokerali/ros2_ws/install/my_robot_bringup/share/my_robot_bringup/hook/cmake_prefix_path.ps1'
[1.413s] INFO:colcon.colcon_core.shell:Creating environment descriptor '/home/tokerali/ros2_ws/install/my_robot_bringup/share/my_robot_bringup/hook/cmake_prefix_path.dsv'
[1.414s] INFO:colcon.colcon_core.shell:Creating environment hook '/home/tokerali/ros2_ws/install/my_robot_bringup/share/my_robot_bringup/hook/cmake_prefix_path.sh'
[1.414s] Level 1:colcon.colcon_core.environment:checking '/home/tokerali/ros2_ws/install/my_robot_bringup/bin'
[1.414s] Level 1:colcon.colcon_core.environment:checking '/home/tokerali/ros2_ws/install/my_robot_bringup/lib/pkgconfig/my_robot_bringup.pc'
[1.414s] Level 1:colcon.colcon_core.environment:checking '/home/tokerali/ros2_ws/install/my_robot_bringup/lib/python3.12/site-packages'
[1.414s] Level 1:colcon.colcon_core.environment:checking '/home/tokerali/ros2_ws/install/my_robot_bringup/bin'
[1.414s] INFO:colcon.colcon_core.shell:Creating package script '/home/tokerali/ros2_ws/install/my_robot_bringup/share/my_robot_bringup/package.ps1'
[1.415s] INFO:colcon.colcon_core.shell:Creating package descriptor '/home/tokerali/ros2_ws/install/my_robot_bringup/share/my_robot_bringup/package.dsv'
[1.415s] INFO:colcon.colcon_core.shell:Creating package script '/home/tokerali/ros2_ws/install/my_robot_bringup/share/my_robot_bringup/package.sh'
[1.415s] INFO:colcon.colcon_core.shell:Creating package script '/home/tokerali/ros2_ws/install/my_robot_bringup/share/my_robot_bringup/package.bash'
[1.415s] INFO:colcon.colcon_core.shell:Creating package script '/home/tokerali/ros2_ws/install/my_robot_bringup/share/my_robot_bringup/package.zsh'
[1.416s] Level 1:colcon.colcon_core.environment:create_file_with_runtime_dependencies(/home/tokerali/ros2_ws/install/my_robot_bringup/share/colcon-core/packages/my_robot_bringup)
[1.416s] Level 1:colcon.colcon_core.environment:create_environment_scripts_only(my_robot_bringup)
[1.416s] Level 1:colcon.colcon_core.environment:checking '/home/tokerali/ros2_ws/install/my_robot_bringup' for CMake module files
[1.416s] Level 1:colcon.colcon_core.environment:checking '/home/tokerali/ros2_ws/install/my_robot_bringup' for CMake config files
[1.416s] Level 1:colcon.colcon_core.shell:create_environment_hook('my_robot_bringup', 'cmake_prefix_path')
[1.416s] INFO:colcon.colcon_core.shell:Creating environment hook '/home/tokerali/ros2_ws/install/my_robot_bringup/share/my_robot_bringup/hook/cmake_prefix_path.ps1'
[1.417s] INFO:colcon.colcon_core.shell:Creating environment descriptor '/home/tokerali/ros2_ws/install/my_robot_bringup/share/my_robot_bringup/hook/cmake_prefix_path.dsv'
[1.417s] INFO:colcon.colcon_core.shell:Creating environment hook '/home/tokerali/ros2_ws/install/my_robot_bringup/share/my_robot_bringup/hook/cmake_prefix_path.sh'
[1.417s] Level 1:colcon.colcon_core.environment:checking '/home/tokerali/ros2_ws/install/my_robot_bringup/bin'
[1.417s] Level 1:colcon.colcon_core.environment:checking '/home/tokerali/ros2_ws/install/my_robot_bringup/lib/pkgconfig/my_robot_bringup.pc'
[1.417s] Level 1:colcon.colcon_core.environment:checking '/home/tokerali/ros2_ws/install/my_robot_bringup/lib/python3.12/site-packages'
[1.417s] Level 1:colcon.colcon_core.environment:checking '/home/tokerali/ros2_ws/install/my_robot_bringup/bin'
[1.417s] INFO:colcon.colcon_core.shell:Creating package script '/home/tokerali/ros2_ws/install/my_robot_bringup/share/my_robot_bringup/package.ps1'
[1.418s] INFO:colcon.colcon_core.shell:Creating package descriptor '/home/tokerali/ros2_ws/install/my_robot_bringup/share/my_robot_bringup/package.dsv'
[1.418s] INFO:colcon.colcon_core.shell:Creating package script '/home/tokerali/ros2_ws/install/my_robot_bringup/share/my_robot_bringup/package.sh'
[1.418s] INFO:colcon.colcon_core.shell:Creating package script '/home/tokerali/ros2_ws/install/my_robot_bringup/share/my_robot_bringup/package.bash'
[1.418s] INFO:colcon.colcon_core.shell:Creating package script '/home/tokerali/ros2_ws/install/my_robot_bringup/share/my_robot_bringup/package.zsh'
[1.419s] Level 1:colcon.colcon_core.environment:create_file_with_runtime_dependencies(/home/tokerali/ros2_ws/install/my_robot_bringup/share/colcon-core/packages/my_robot_bringup)
[1.419s] DEBUG:colcon.colcon_parallel_executor.executor.parallel:closing loop
[1.419s] DEBUG:colcon.colcon_parallel_executor.executor.parallel:loop closed
[1.419s] DEBUG:colcon.colcon_parallel_executor.executor.parallel:run_until_complete finished with '0'
[1.419s] DEBUG:colcon.colcon_core.event_reactor:joining thread
[1.425s] INFO:colcon.colcon_core.plugin_system:Skipping extension 'colcon_notification.desktop_notification.terminal_notifier': Not used on non-Darwin systems
[1.425s] INFO:colcon.colcon_core.plugin_system:Skipping extension 'colcon_notification.desktop_notification.win32': Not used on non-Windows systems
[1.425s] INFO:colcon.colcon_notification.desktop_notification:Sending desktop notification using 'notify2'
[1.437s] DEBUG:colcon.colcon_core.event_reactor:joined thread
[1.438s] INFO:colcon.colcon_core.shell:Creating prefix script '/home/tokerali/ros2_ws/install/local_setup.ps1'
[1.439s] INFO:colcon.colcon_core.shell:Creating prefix util module '/home/tokerali/ros2_ws/install/_local_setup_util_ps1.py'
[1.439s] INFO:colcon.colcon_core.shell:Creating prefix chain script '/home/tokerali/ros2_ws/install/setup.ps1'
[1.440s] INFO:colcon.colcon_core.shell:Creating prefix script '/home/tokerali/ros2_ws/install/local_setup.sh'
[1.440s] INFO:colcon.colcon_core.shell:Creating prefix util module '/home/tokerali/ros2_ws/install/_local_setup_util_sh.py'
[1.441s] INFO:colcon.colcon_core.shell:Creating prefix chain script '/home/tokerali/ros2_ws/install/setup.sh'
[1.441s] INFO:colcon.colcon_core.shell:Creating prefix script '/home/tokerali/ros2_ws/install/local_setup.bash'
[1.442s] INFO:colcon.colcon_core.shell:Creating prefix chain script '/home/tokerali/ros2_ws/install/setup.bash'
[1.442s] INFO:colcon.colcon_core.shell:Creating prefix script '/home/tokerali/ros2_ws/install/local_setup.zsh'
[1.442s] INFO:colcon.colcon_core.shell:Creating prefix chain script '/home/tokerali/ros2_ws/install/setup.zsh'
