[0.009s] Invoking command in '/home/tokerali/ros2_ws/build/my_cpp_pkg': CMAKE_PREFIX_PATH=/home/tokerali/ros2_ws/install/my_robot_interfaces:/home/tokerali/ros2_ws/install/my_robot_bringup:/home/tokerali/ros2_ws/install/my_cpp_pkg:/opt/ros/jazzy/opt/gz_sim_vendor:/opt/ros/jazzy/opt/gz_sensors_vendor:/opt/ros/jazzy/opt/gz_physics_vendor:/opt/ros/jazzy/opt/sdformat_vendor:/opt/ros/jazzy/opt/gz_gui_vendor:/opt/ros/jazzy/opt/gz_transport_vendor:/opt/ros/jazzy/opt/gz_rendering_vendor:/opt/ros/jazzy/opt/gz_plugin_vendor:/opt/ros/jazzy/opt/gz_fuel_tools_vendor:/opt/ros/jazzy/opt/gz_msgs_vendor:/opt/ros/jazzy/opt/gz_common_vendor:/opt/ros/jazzy/opt/gz_math_vendor:/opt/ros/jazzy/opt/gz_utils_vendor:/opt/ros/jazzy/opt/gz_tools_vendor:/opt/ros/jazzy/opt/gz_ogre_next_vendor:/opt/ros/jazzy/opt/gz_dartsim_vendor:/opt/ros/jazzy/opt/gz_cmake_vendor:/home/tokerali/ros2_ws/install/my_py_pkg:/opt/ros/jazzy DEBUGINFOD_URLS=https://debuginfod.ubuntu.com PYTHONPATH=/home/tokerali/ros2_ws/install/my_robot_interfaces/lib/python3.12/site-packages:/home/tokerali/ros2_ws/install/my_py_pkg/lib/python3.12/site-packages:/opt/ros/jazzy/lib/python3.12/site-packages /usr/bin/cmake --build /home/tokerali/ros2_ws/build/my_cpp_pkg -- -j16 -l16
[0.063s] [ 18%] Built target add_two_ints_client_no_oop
[0.063s] [ 18%] Built target number_publisher
[0.064s] [ 27%] Built target add_two_ints_server
[0.065s] [ 36%] Built target hw_status_publisher
[0.065s] [ 45%] Built target cpp_node
[0.066s] [ 54%] Built target robot_news_station
[0.066s] [ 63%] Built target battery
[0.066s] [ 72%] Built target add_two_ints_client
[0.066s] [ 81%] Built target smartphone
[0.066s] [ 90%] Built target number_counter
[0.066s] [100%] Built target led_panel
[0.149s] Invoked command in '/home/tokerali/ros2_ws/build/my_cpp_pkg' returned '0': CMAKE_PREFIX_PATH=/home/tokerali/ros2_ws/install/my_robot_interfaces:/home/tokerali/ros2_ws/install/my_robot_bringup:/home/tokerali/ros2_ws/install/my_cpp_pkg:/opt/ros/jazzy/opt/gz_sim_vendor:/opt/ros/jazzy/opt/gz_sensors_vendor:/opt/ros/jazzy/opt/gz_physics_vendor:/opt/ros/jazzy/opt/sdformat_vendor:/opt/ros/jazzy/opt/gz_gui_vendor:/opt/ros/jazzy/opt/gz_transport_vendor:/opt/ros/jazzy/opt/gz_rendering_vendor:/opt/ros/jazzy/opt/gz_plugin_vendor:/opt/ros/jazzy/opt/gz_fuel_tools_vendor:/opt/ros/jazzy/opt/gz_msgs_vendor:/opt/ros/jazzy/opt/gz_common_vendor:/opt/ros/jazzy/opt/gz_math_vendor:/opt/ros/jazzy/opt/gz_utils_vendor:/opt/ros/jazzy/opt/gz_tools_vendor:/opt/ros/jazzy/opt/gz_ogre_next_vendor:/opt/ros/jazzy/opt/gz_dartsim_vendor:/opt/ros/jazzy/opt/gz_cmake_vendor:/home/tokerali/ros2_ws/install/my_py_pkg:/opt/ros/jazzy DEBUGINFOD_URLS=https://debuginfod.ubuntu.com PYTHONPATH=/home/tokerali/ros2_ws/install/my_robot_interfaces/lib/python3.12/site-packages:/home/tokerali/ros2_ws/install/my_py_pkg/lib/python3.12/site-packages:/opt/ros/jazzy/lib/python3.12/site-packages /usr/bin/cmake --build /home/tokerali/ros2_ws/build/my_cpp_pkg -- -j16 -l16
[0.149s] Invoking command in '/home/tokerali/ros2_ws/build/my_cpp_pkg': CMAKE_PREFIX_PATH=/home/tokerali/ros2_ws/install/my_robot_interfaces:/home/tokerali/ros2_ws/install/my_robot_bringup:/home/tokerali/ros2_ws/install/my_cpp_pkg:/opt/ros/jazzy/opt/gz_sim_vendor:/opt/ros/jazzy/opt/gz_sensors_vendor:/opt/ros/jazzy/opt/gz_physics_vendor:/opt/ros/jazzy/opt/sdformat_vendor:/opt/ros/jazzy/opt/gz_gui_vendor:/opt/ros/jazzy/opt/gz_transport_vendor:/opt/ros/jazzy/opt/gz_rendering_vendor:/opt/ros/jazzy/opt/gz_plugin_vendor:/opt/ros/jazzy/opt/gz_fuel_tools_vendor:/opt/ros/jazzy/opt/gz_msgs_vendor:/opt/ros/jazzy/opt/gz_common_vendor:/opt/ros/jazzy/opt/gz_math_vendor:/opt/ros/jazzy/opt/gz_utils_vendor:/opt/ros/jazzy/opt/gz_tools_vendor:/opt/ros/jazzy/opt/gz_ogre_next_vendor:/opt/ros/jazzy/opt/gz_dartsim_vendor:/opt/ros/jazzy/opt/gz_cmake_vendor:/home/tokerali/ros2_ws/install/my_py_pkg:/opt/ros/jazzy DEBUGINFOD_URLS=https://debuginfod.ubuntu.com PYTHONPATH=/home/tokerali/ros2_ws/install/my_robot_interfaces/lib/python3.12/site-packages:/home/tokerali/ros2_ws/install/my_py_pkg/lib/python3.12/site-packages:/opt/ros/jazzy/lib/python3.12/site-packages /usr/bin/cmake --install /home/tokerali/ros2_ws/build/my_cpp_pkg
[0.157s] -- Install configuration: ""
[0.157s] -- Up-to-date: /home/tokerali/ros2_ws/install/my_cpp_pkg/lib/my_cpp_pkg/cpp_node
[0.157s] -- Up-to-date: /home/tokerali/ros2_ws/install/my_cpp_pkg/lib/my_cpp_pkg/robot_news_station
[0.157s] -- Up-to-date: /home/tokerali/ros2_ws/install/my_cpp_pkg/lib/my_cpp_pkg/smartphone
[0.157s] -- Up-to-date: /home/tokerali/ros2_ws/install/my_cpp_pkg/lib/my_cpp_pkg/number_publisher
[0.158s] -- Up-to-date: /home/tokerali/ros2_ws/install/my_cpp_pkg/lib/my_cpp_pkg/number_counter
[0.158s] -- Up-to-date: /home/tokerali/ros2_ws/install/my_cpp_pkg/lib/my_cpp_pkg/add_two_ints_server
[0.158s] -- Up-to-date: /home/tokerali/ros2_ws/install/my_cpp_pkg/lib/my_cpp_pkg/add_two_ints_client_no_oop
[0.158s] -- Up-to-date: /home/tokerali/ros2_ws/install/my_cpp_pkg/lib/my_cpp_pkg/add_two_ints_client
[0.158s] -- Up-to-date: /home/tokerali/ros2_ws/install/my_cpp_pkg/lib/my_cpp_pkg/hw_status_publisher
[0.158s] -- Up-to-date: /home/tokerali/ros2_ws/install/my_cpp_pkg/lib/my_cpp_pkg/led_panel
[0.159s] -- Up-to-date: /home/tokerali/ros2_ws/install/my_cpp_pkg/lib/my_cpp_pkg/battery
[0.159s] -- Up-to-date: /home/tokerali/ros2_ws/install/my_cpp_pkg/share/ament_index/resource_index/package_run_dependencies/my_cpp_pkg
[0.159s] -- Up-to-date: /home/tokerali/ros2_ws/install/my_cpp_pkg/share/ament_index/resource_index/parent_prefix_path/my_cpp_pkg
[0.159s] -- Up-to-date: /home/tokerali/ros2_ws/install/my_cpp_pkg/share/my_cpp_pkg/environment/ament_prefix_path.sh
[0.159s] -- Up-to-date: /home/tokerali/ros2_ws/install/my_cpp_pkg/share/my_cpp_pkg/environment/ament_prefix_path.dsv
[0.159s] -- Up-to-date: /home/tokerali/ros2_ws/install/my_cpp_pkg/share/my_cpp_pkg/environment/path.sh
[0.159s] -- Up-to-date: /home/tokerali/ros2_ws/install/my_cpp_pkg/share/my_cpp_pkg/environment/path.dsv
[0.159s] -- Up-to-date: /home/tokerali/ros2_ws/install/my_cpp_pkg/share/my_cpp_pkg/local_setup.bash
[0.159s] -- Up-to-date: /home/tokerali/ros2_ws/install/my_cpp_pkg/share/my_cpp_pkg/local_setup.sh
[0.159s] -- Up-to-date: /home/tokerali/ros2_ws/install/my_cpp_pkg/share/my_cpp_pkg/local_setup.zsh
[0.159s] -- Up-to-date: /home/tokerali/ros2_ws/install/my_cpp_pkg/share/my_cpp_pkg/local_setup.dsv
[0.159s] -- Installing: /home/tokerali/ros2_ws/install/my_cpp_pkg/share/my_cpp_pkg/package.dsv
[0.159s] -- Up-to-date: /home/tokerali/ros2_ws/install/my_cpp_pkg/share/ament_index/resource_index/packages/my_cpp_pkg
[0.159s] -- Up-to-date: /home/tokerali/ros2_ws/install/my_cpp_pkg/share/my_cpp_pkg/cmake/my_cpp_pkgConfig.cmake
[0.159s] -- Up-to-date: /home/tokerali/ros2_ws/install/my_cpp_pkg/share/my_cpp_pkg/cmake/my_cpp_pkgConfig-version.cmake
[0.159s] -- Up-to-date: /home/tokerali/ros2_ws/install/my_cpp_pkg/share/my_cpp_pkg/package.xml
[0.161s] Invoked command in '/home/tokerali/ros2_ws/build/my_cpp_pkg' returned '0': CMAKE_PREFIX_PATH=/home/tokerali/ros2_ws/install/my_robot_interfaces:/home/tokerali/ros2_ws/install/my_robot_bringup:/home/tokerali/ros2_ws/install/my_cpp_pkg:/opt/ros/jazzy/opt/gz_sim_vendor:/opt/ros/jazzy/opt/gz_sensors_vendor:/opt/ros/jazzy/opt/gz_physics_vendor:/opt/ros/jazzy/opt/sdformat_vendor:/opt/ros/jazzy/opt/gz_gui_vendor:/opt/ros/jazzy/opt/gz_transport_vendor:/opt/ros/jazzy/opt/gz_rendering_vendor:/opt/ros/jazzy/opt/gz_plugin_vendor:/opt/ros/jazzy/opt/gz_fuel_tools_vendor:/opt/ros/jazzy/opt/gz_msgs_vendor:/opt/ros/jazzy/opt/gz_common_vendor:/opt/ros/jazzy/opt/gz_math_vendor:/opt/ros/jazzy/opt/gz_utils_vendor:/opt/ros/jazzy/opt/gz_tools_vendor:/opt/ros/jazzy/opt/gz_ogre_next_vendor:/opt/ros/jazzy/opt/gz_dartsim_vendor:/opt/ros/jazzy/opt/gz_cmake_vendor:/home/tokerali/ros2_ws/install/my_py_pkg:/opt/ros/jazzy DEBUGINFOD_URLS=https://debuginfod.ubuntu.com PYTHONPATH=/home/tokerali/ros2_ws/install/my_robot_interfaces/lib/python3.12/site-packages:/home/tokerali/ros2_ws/install/my_py_pkg/lib/python3.12/site-packages:/opt/ros/jazzy/lib/python3.12/site-packages /usr/bin/cmake --install /home/tokerali/ros2_ws/build/my_cpp_pkg
