[0.011s] Invoking command in '/home/tokerali/ros2_ws/build/my_robot_bringup': AMENT_PREFIX_PATH=/home/tokerali/ros2_ws/install/my_py_pkg:/home/tokerali/ros2_ws/install/my_robot_bringup:/home/tokerali/ros2_ws/install/my_cpp_pkg:/home/tokerali/ros2_ws/install/my_robot_interfaces:/opt/ros/jazzy CMAKE_PREFIX_PATH=/home/tokerali/ros2_ws/install/my_cpp_pkg:/home/tokerali/ros2_ws/install/my_robot_interfaces:/home/tokerali/ros2_ws/install/my_robot_bringup:/opt/ros/jazzy/opt/gz_sim_vendor:/opt/ros/jazzy/opt/gz_sensors_vendor:/opt/ros/jazzy/opt/gz_physics_vendor:/opt/ros/jazzy/opt/sdformat_vendor:/opt/ros/jazzy/opt/gz_gui_vendor:/opt/ros/jazzy/opt/gz_transport_vendor:/opt/ros/jazzy/opt/gz_rendering_vendor:/opt/ros/jazzy/opt/gz_plugin_vendor:/opt/ros/jazzy/opt/gz_fuel_tools_vendor:/opt/ros/jazzy/opt/gz_msgs_vendor:/opt/ros/jazzy/opt/gz_common_vendor:/opt/ros/jazzy/opt/gz_math_vendor:/opt/ros/jazzy/opt/gz_utils_vendor:/opt/ros/jazzy/opt/gz_tools_vendor:/opt/ros/jazzy/opt/gz_ogre_next_vendor:/opt/ros/jazzy/opt/gz_dartsim_vendor:/opt/ros/jazzy/opt/gz_cmake_vendor:/home/tokerali/ros2_ws/install/my_py_pkg:/opt/ros/jazzy DEBUGINFOD_URLS=https://debuginfod.ubuntu.com /usr/bin/cmake /home/tokerali/ros2_ws/src/my_robot_bringup -DCMAKE_INSTALL_PREFIX=/home/tokerali/ros2_ws/install/my_robot_bringup
[0.063s] -- The C compiler identification is GNU 13.3.0
[0.108s] -- The CXX compiler identification is GNU 13.3.0
[0.126s] -- Detecting C compiler ABI info
[0.217s] -- Detecting C compiler ABI info - done
[0.223s] -- Check for working C compiler: /usr/bin/cc - skipped
[0.223s] -- Detecting C compile features
[0.223s] -- Detecting C compile features - done
[0.233s] -- Detecting CXX compiler ABI info
[0.329s] -- Detecting CXX compiler ABI info - done
[0.335s] -- Check for working CXX compiler: /usr/bin/c++ - skipped
[0.335s] -- Detecting CXX compile features
[0.335s] -- Detecting CXX compile features - done
[0.339s] -- Found ament_cmake: 2.5.4 (/opt/ros/jazzy/share/ament_cmake/cmake)
[0.468s] -- Found Python3: /usr/bin/python3 (found version "3.12.3") found components: Interpreter 
[0.567s] -- Found ament_lint_auto: 0.17.2 (/opt/ros/jazzy/share/ament_lint_auto/cmake)
[0.650s] -- Added test 'flake8' to check Python code syntax and style conventions
[0.650s] -- Configured 'flake8' exclude dirs and/or files: 
[0.650s] -- Added test 'lint_cmake' to check CMake code style
[0.651s] -- Added test 'pep257' to check Python code against some of the docstring style conventions in PEP 257
[0.651s] -- Added test 'xmllint' to check XML markup files
[0.653s] -- Configuring done (0.6s)
[0.655s] -- Generating done (0.0s)
[0.658s] -- Build files have been written to: /home/tokerali/ros2_ws/build/my_robot_bringup
[0.663s] Invoked command in '/home/tokerali/ros2_ws/build/my_robot_bringup' returned '0': AMENT_PREFIX_PATH=/home/tokerali/ros2_ws/install/my_py_pkg:/home/tokerali/ros2_ws/install/my_robot_bringup:/home/tokerali/ros2_ws/install/my_cpp_pkg:/home/tokerali/ros2_ws/install/my_robot_interfaces:/opt/ros/jazzy CMAKE_PREFIX_PATH=/home/tokerali/ros2_ws/install/my_cpp_pkg:/home/tokerali/ros2_ws/install/my_robot_interfaces:/home/tokerali/ros2_ws/install/my_robot_bringup:/opt/ros/jazzy/opt/gz_sim_vendor:/opt/ros/jazzy/opt/gz_sensors_vendor:/opt/ros/jazzy/opt/gz_physics_vendor:/opt/ros/jazzy/opt/sdformat_vendor:/opt/ros/jazzy/opt/gz_gui_vendor:/opt/ros/jazzy/opt/gz_transport_vendor:/opt/ros/jazzy/opt/gz_rendering_vendor:/opt/ros/jazzy/opt/gz_plugin_vendor:/opt/ros/jazzy/opt/gz_fuel_tools_vendor:/opt/ros/jazzy/opt/gz_msgs_vendor:/opt/ros/jazzy/opt/gz_common_vendor:/opt/ros/jazzy/opt/gz_math_vendor:/opt/ros/jazzy/opt/gz_utils_vendor:/opt/ros/jazzy/opt/gz_tools_vendor:/opt/ros/jazzy/opt/gz_ogre_next_vendor:/opt/ros/jazzy/opt/gz_dartsim_vendor:/opt/ros/jazzy/opt/gz_cmake_vendor:/home/tokerali/ros2_ws/install/my_py_pkg:/opt/ros/jazzy DEBUGINFOD_URLS=https://debuginfod.ubuntu.com /usr/bin/cmake /home/tokerali/ros2_ws/src/my_robot_bringup -DCMAKE_INSTALL_PREFIX=/home/tokerali/ros2_ws/install/my_robot_bringup
[0.664s] Invoking command in '/home/tokerali/ros2_ws/build/my_robot_bringup': AMENT_PREFIX_PATH=/home/tokerali/ros2_ws/install/my_py_pkg:/home/tokerali/ros2_ws/install/my_robot_bringup:/home/tokerali/ros2_ws/install/my_cpp_pkg:/home/tokerali/ros2_ws/install/my_robot_interfaces:/opt/ros/jazzy CMAKE_PREFIX_PATH=/home/tokerali/ros2_ws/install/my_cpp_pkg:/home/tokerali/ros2_ws/install/my_robot_interfaces:/home/tokerali/ros2_ws/install/my_robot_bringup:/opt/ros/jazzy/opt/gz_sim_vendor:/opt/ros/jazzy/opt/gz_sensors_vendor:/opt/ros/jazzy/opt/gz_physics_vendor:/opt/ros/jazzy/opt/sdformat_vendor:/opt/ros/jazzy/opt/gz_gui_vendor:/opt/ros/jazzy/opt/gz_transport_vendor:/opt/ros/jazzy/opt/gz_rendering_vendor:/opt/ros/jazzy/opt/gz_plugin_vendor:/opt/ros/jazzy/opt/gz_fuel_tools_vendor:/opt/ros/jazzy/opt/gz_msgs_vendor:/opt/ros/jazzy/opt/gz_common_vendor:/opt/ros/jazzy/opt/gz_math_vendor:/opt/ros/jazzy/opt/gz_utils_vendor:/opt/ros/jazzy/opt/gz_tools_vendor:/opt/ros/jazzy/opt/gz_ogre_next_vendor:/opt/ros/jazzy/opt/gz_dartsim_vendor:/opt/ros/jazzy/opt/gz_cmake_vendor:/home/tokerali/ros2_ws/install/my_py_pkg:/opt/ros/jazzy DEBUGINFOD_URLS=https://debuginfod.ubuntu.com /usr/bin/cmake --build /home/tokerali/ros2_ws/build/my_robot_bringup -- -j16 -l16
[0.706s] Invoked command in '/home/tokerali/ros2_ws/build/my_robot_bringup' returned '0': AMENT_PREFIX_PATH=/home/tokerali/ros2_ws/install/my_py_pkg:/home/tokerali/ros2_ws/install/my_robot_bringup:/home/tokerali/ros2_ws/install/my_cpp_pkg:/home/tokerali/ros2_ws/install/my_robot_interfaces:/opt/ros/jazzy CMAKE_PREFIX_PATH=/home/tokerali/ros2_ws/install/my_cpp_pkg:/home/tokerali/ros2_ws/install/my_robot_interfaces:/home/tokerali/ros2_ws/install/my_robot_bringup:/opt/ros/jazzy/opt/gz_sim_vendor:/opt/ros/jazzy/opt/gz_sensors_vendor:/opt/ros/jazzy/opt/gz_physics_vendor:/opt/ros/jazzy/opt/sdformat_vendor:/opt/ros/jazzy/opt/gz_gui_vendor:/opt/ros/jazzy/opt/gz_transport_vendor:/opt/ros/jazzy/opt/gz_rendering_vendor:/opt/ros/jazzy/opt/gz_plugin_vendor:/opt/ros/jazzy/opt/gz_fuel_tools_vendor:/opt/ros/jazzy/opt/gz_msgs_vendor:/opt/ros/jazzy/opt/gz_common_vendor:/opt/ros/jazzy/opt/gz_math_vendor:/opt/ros/jazzy/opt/gz_utils_vendor:/opt/ros/jazzy/opt/gz_tools_vendor:/opt/ros/jazzy/opt/gz_ogre_next_vendor:/opt/ros/jazzy/opt/gz_dartsim_vendor:/opt/ros/jazzy/opt/gz_cmake_vendor:/home/tokerali/ros2_ws/install/my_py_pkg:/opt/ros/jazzy DEBUGINFOD_URLS=https://debuginfod.ubuntu.com /usr/bin/cmake --build /home/tokerali/ros2_ws/build/my_robot_bringup -- -j16 -l16
[0.707s] Invoking command in '/home/tokerali/ros2_ws/build/my_robot_bringup': AMENT_PREFIX_PATH=/home/tokerali/ros2_ws/install/my_py_pkg:/home/tokerali/ros2_ws/install/my_robot_bringup:/home/tokerali/ros2_ws/install/my_cpp_pkg:/home/tokerali/ros2_ws/install/my_robot_interfaces:/opt/ros/jazzy CMAKE_PREFIX_PATH=/home/tokerali/ros2_ws/install/my_cpp_pkg:/home/tokerali/ros2_ws/install/my_robot_interfaces:/home/tokerali/ros2_ws/install/my_robot_bringup:/opt/ros/jazzy/opt/gz_sim_vendor:/opt/ros/jazzy/opt/gz_sensors_vendor:/opt/ros/jazzy/opt/gz_physics_vendor:/opt/ros/jazzy/opt/sdformat_vendor:/opt/ros/jazzy/opt/gz_gui_vendor:/opt/ros/jazzy/opt/gz_transport_vendor:/opt/ros/jazzy/opt/gz_rendering_vendor:/opt/ros/jazzy/opt/gz_plugin_vendor:/opt/ros/jazzy/opt/gz_fuel_tools_vendor:/opt/ros/jazzy/opt/gz_msgs_vendor:/opt/ros/jazzy/opt/gz_common_vendor:/opt/ros/jazzy/opt/gz_math_vendor:/opt/ros/jazzy/opt/gz_utils_vendor:/opt/ros/jazzy/opt/gz_tools_vendor:/opt/ros/jazzy/opt/gz_ogre_next_vendor:/opt/ros/jazzy/opt/gz_dartsim_vendor:/opt/ros/jazzy/opt/gz_cmake_vendor:/home/tokerali/ros2_ws/install/my_py_pkg:/opt/ros/jazzy DEBUGINFOD_URLS=https://debuginfod.ubuntu.com /usr/bin/cmake --install /home/tokerali/ros2_ws/build/my_robot_bringup
[0.714s] -- Install configuration: ""
[0.714s] -- Installing: /home/tokerali/ros2_ws/install/my_robot_bringup/share/my_robot_bringup//launch
[0.715s] -- Installing: /home/tokerali/ros2_ws/install/my_robot_bringup/share/my_robot_bringup//launch/number_app_from.python.launch.xml
[0.715s] -- Installing: /home/tokerali/ros2_ws/install/my_robot_bringup/share/my_robot_bringup//launch/number_app.launch.xml
[0.715s] -- Installing: /home/tokerali/ros2_ws/install/my_robot_bringup/share/my_robot_bringup//launch/number_app.launch.py
[0.715s] -- Installing: /home/tokerali/ros2_ws/install/my_robot_bringup/share/ament_index/resource_index/package_run_dependencies/my_robot_bringup
[0.715s] -- Installing: /home/tokerali/ros2_ws/install/my_robot_bringup/share/ament_index/resource_index/parent_prefix_path/my_robot_bringup
[0.716s] -- Installing: /home/tokerali/ros2_ws/install/my_robot_bringup/share/my_robot_bringup/environment/ament_prefix_path.sh
[0.716s] -- Installing: /home/tokerali/ros2_ws/install/my_robot_bringup/share/my_robot_bringup/environment/ament_prefix_path.dsv
[0.716s] -- Installing: /home/tokerali/ros2_ws/install/my_robot_bringup/share/my_robot_bringup/environment/path.sh
[0.716s] -- Installing: /home/tokerali/ros2_ws/install/my_robot_bringup/share/my_robot_bringup/environment/path.dsv
[0.716s] -- Installing: /home/tokerali/ros2_ws/install/my_robot_bringup/share/my_robot_bringup/local_setup.bash
[0.716s] -- Installing: /home/tokerali/ros2_ws/install/my_robot_bringup/share/my_robot_bringup/local_setup.sh
[0.716s] -- Installing: /home/tokerali/ros2_ws/install/my_robot_bringup/share/my_robot_bringup/local_setup.zsh
[0.716s] -- Installing: /home/tokerali/ros2_ws/install/my_robot_bringup/share/my_robot_bringup/local_setup.dsv
[0.716s] -- Installing: /home/tokerali/ros2_ws/install/my_robot_bringup/share/my_robot_bringup/package.dsv
[0.716s] -- Installing: /home/tokerali/ros2_ws/install/my_robot_bringup/share/ament_index/resource_index/packages/my_robot_bringup
[0.717s] -- Installing: /home/tokerali/ros2_ws/install/my_robot_bringup/share/my_robot_bringup/cmake/my_robot_bringupConfig.cmake
[0.717s] -- Installing: /home/tokerali/ros2_ws/install/my_robot_bringup/share/my_robot_bringup/cmake/my_robot_bringupConfig-version.cmake
[0.717s] -- Installing: /home/tokerali/ros2_ws/install/my_robot_bringup/share/my_robot_bringup/package.xml
[0.718s] Invoked command in '/home/tokerali/ros2_ws/build/my_robot_bringup' returned '0': AMENT_PREFIX_PATH=/home/tokerali/ros2_ws/install/my_py_pkg:/home/tokerali/ros2_ws/install/my_robot_bringup:/home/tokerali/ros2_ws/install/my_cpp_pkg:/home/tokerali/ros2_ws/install/my_robot_interfaces:/opt/ros/jazzy CMAKE_PREFIX_PATH=/home/tokerali/ros2_ws/install/my_cpp_pkg:/home/tokerali/ros2_ws/install/my_robot_interfaces:/home/tokerali/ros2_ws/install/my_robot_bringup:/opt/ros/jazzy/opt/gz_sim_vendor:/opt/ros/jazzy/opt/gz_sensors_vendor:/opt/ros/jazzy/opt/gz_physics_vendor:/opt/ros/jazzy/opt/sdformat_vendor:/opt/ros/jazzy/opt/gz_gui_vendor:/opt/ros/jazzy/opt/gz_transport_vendor:/opt/ros/jazzy/opt/gz_rendering_vendor:/opt/ros/jazzy/opt/gz_plugin_vendor:/opt/ros/jazzy/opt/gz_fuel_tools_vendor:/opt/ros/jazzy/opt/gz_msgs_vendor:/opt/ros/jazzy/opt/gz_common_vendor:/opt/ros/jazzy/opt/gz_math_vendor:/opt/ros/jazzy/opt/gz_utils_vendor:/opt/ros/jazzy/opt/gz_tools_vendor:/opt/ros/jazzy/opt/gz_ogre_next_vendor:/opt/ros/jazzy/opt/gz_dartsim_vendor:/opt/ros/jazzy/opt/gz_cmake_vendor:/home/tokerali/ros2_ws/install/my_py_pkg:/opt/ros/jazzy DEBUGINFOD_URLS=https://debuginfod.ubuntu.com /usr/bin/cmake --install /home/tokerali/ros2_ws/build/my_robot_bringup
